2026-05-01T12:44:08.414+05:30  INFO 15536 --- [Employee-Management-System] [main] c.E.EmployeeManagementSystemApplication  : Starting EmployeeManagementSystemApplication using Java 22 with PID 15536 (C:\Interview Questions\DSA interview questions\Employee-Management-System\target\classes started by asus in C:\Interview Questions\DSA interview questions\Employee-Management-System)
2026-05-01T12:44:08.445+05:30 DEBUG 15536 --- [Employee-Management-System] [main] c.E.EmployeeManagementSystemApplication  : Running with Spring Boot v3.3.5, Spring v6.1.14
2026-05-01T12:44:08.447+05:30  INFO 15536 --- [Employee-Management-System] [main] c.E.EmployeeManagementSystemApplication  : No active profile set, falling back to 1 default profile: "default"
2026-05-01T12:44:12.754+05:30  INFO 15536 --- [Employee-Management-System] [main] .s.d.r.c.RepositoryConfigurationDelegate : Bootstrapping Spring Data JPA repositories in DEFAULT mode.
2026-05-01T12:44:13.201+05:30  INFO 15536 --- [Employee-Management-System] [main] .s.d.r.c.RepositoryConfigurationDelegate : Finished Spring Data repository scanning in 416 ms. Found 6 JPA repository interfaces.
2026-05-01T12:44:16.483+05:30  INFO 15536 --- [Employee-Management-System] [main] o.s.b.w.embedded.tomcat.TomcatWebServer  : Tomcat initialized with port 8080 (http)
2026-05-01T12:44:16.544+05:30  INFO 15536 --- [Employee-Management-System] [main] o.apache.catalina.core.StandardService   : Starting service [Tomcat]
2026-05-01T12:44:16.547+05:30  INFO 15536 --- [Employee-Management-System] [main] o.apache.catalina.core.StandardEngine    : Starting Servlet engine: [Apache Tomcat/10.1.31]
2026-05-01T12:44:16.820+05:30  INFO 15536 --- [Employee-Management-System] [main] o.a.c.c.C.[Tomcat].[localhost].[/]       : Initializing Spring embedded WebApplicationContext
2026-05-01T12:44:16.823+05:30  INFO 15536 --- [Employee-Management-System] [main] w.s.c.ServletWebServerApplicationContext : Root WebApplicationContext: initialization completed in 8103 ms
2026-05-01T12:44:17.829+05:30  INFO 15536 --- [Employee-Management-System] [main] o.hibernate.jpa.internal.util.LogHelper  : HHH000204: Processing PersistenceUnitInfo [name: default]
2026-05-01T12:44:18.189+05:30  INFO 15536 --- [Employee-Management-System] [main] org.hibernate.Version                    : HHH000412: Hibernate ORM core version 6.5.3.Final
2026-05-01T12:44:18.362+05:30  INFO 15536 --- [Employee-Management-System] [main] o.h.c.internal.RegionFactoryInitiator    : HHH000026: Second-level cache disabled
2026-05-01T12:44:19.671+05:30  INFO 15536 --- [Employee-Management-System] [main] o.s.o.j.p.SpringPersistenceUnitInfo      : No LoadTimeWeaver setup: ignoring JPA class transformer
2026-05-01T12:44:19.812+05:30  INFO 15536 --- [Employee-Management-System] [main] com.zaxxer.hikari.HikariDataSource       : HikariPool-1 - Starting...
2026-05-01T12:44:21.439+05:30  INFO 15536 --- [Employee-Management-System] [main] com.zaxxer.hikari.pool.HikariPool        : HikariPool-1 - Added connection com.mysql.cj.jdbc.ConnectionImpl@6fe2a366
2026-05-01T12:44:21.454+05:30  INFO 15536 --- [Employee-Management-System] [main] com.zaxxer.hikari.HikariDataSource       : HikariPool-1 - Start completed.
2026-05-01T12:44:25.498+05:30  INFO 15536 --- [Employee-Management-System] [main] o.h.e.t.j.p.i.JtaPlatformInitiator       : HHH000489: No JTA platform available (set 'hibernate.transaction.jta.platform' to enable JTA platform integration)
2026-05-01T12:44:25.897+05:30  INFO 15536 --- [Employee-Management-System] [main] j.LocalContainerEntityManagerFactoryBean : Initialized JPA EntityManagerFactory for persistence unit 'default'
2026-05-01T12:44:27.431+05:30  INFO 15536 --- [Employee-Management-System] [main] o.s.d.j.r.query.QueryEnhancerFactory     : Hibernate is in classpath; If applicable, HQL parser will be used.
2026-05-01T12:44:31.135+05:30  WARN 15536 --- [Employee-Management-System] [main] JpaBaseConfiguration$JpaWebConfiguration : spring.jpa.open-in-view is enabled by default. Therefore, database queries may be performed during view rendering. Explicitly configure spring.jpa.open-in-view to disable this warning
2026-05-01T12:44:31.205+05:30  INFO 15536 --- [Employee-Management-System] [main] r$InitializeUserDetailsManagerConfigurer : Global AuthenticationManager configured with UserDetailsService bean with name customEmployeeDetailsService
2026-05-01T12:44:33.753+05:30  INFO 15536 --- [Employee-Management-System] [main] o.s.b.w.embedded.tomcat.TomcatWebServer  : Tomcat started on port 8080 (http) with context path '/'
2026-05-01T12:44:33.787+05:30  INFO 15536 --- [Employee-Management-System] [main] c.E.EmployeeManagementSystemApplication  : Started EmployeeManagementSystemApplication in 27.856 seconds (process running for 29.681)
2026-05-01T12:44:35.428+05:30  INFO 15536 --- [Employee-Management-System] [main] c.E.Security.DataInitializer             : ℹ️  Admin user password synced: admin@ems.com
2026-05-01T12:44:48.205+05:30  INFO 15536 --- [Employee-Management-System] [http-nio-8080-exec-1] o.a.c.c.C.[Tomcat].[localhost].[/]       : Initializing Spring DispatcherServlet 'dispatcherServlet'
2026-05-01T12:44:48.207+05:30  INFO 15536 --- [Employee-Management-System] [http-nio-8080-exec-1] o.s.web.servlet.DispatcherServlet        : Initializing Servlet 'dispatcherServlet'
2026-05-01T12:44:48.215+05:30  INFO 15536 --- [Employee-Management-System] [http-nio-8080-exec-1] o.s.web.servlet.DispatcherServlet        : Completed initialization in 8 ms
2026-05-01T12:44:52.411+05:30  WARN 15536 --- [Employee-Management-System] [http-nio-8080-exec-5] c.E.C.E.ExceptionControllerAdvice        : No static resource found: No static resource favicon.ico.
2026-05-01T13:21:09.220+05:30  INFO 15536 --- [Employee-Management-System] [SpringApplicationShutdownHook] j.LocalContainerEntityManagerFactoryBean : Closing JPA EntityManagerFactory for persistence unit 'default'
2026-05-01T13:21:09.310+05:30  INFO 15536 --- [Employee-Management-System] [SpringApplicationShutdownHook] com.zaxxer.hikari.HikariDataSource       : HikariPool-1 - Shutdown initiated...
2026-05-01T13:21:09.340+05:30  INFO 15536 --- [Employee-Management-System] [SpringApplicationShutdownHook] com.zaxxer.hikari.HikariDataSource       : HikariPool-1 - Shutdown completed.
