2026-04-29T01:43:50.331+05:30  INFO 22080 --- [Employee-Management-System] [main] c.E.EmployeeManagementSystemApplication  : Starting EmployeeManagementSystemApplication using Java 22 with PID 22080 (C:\Interview Questions\DSA interview questions\Employee-Management-System\target\classes started by asus in C:\Interview Questions\DSA interview questions\Employee-Management-System)
2026-04-29T01:43:50.334+05:30  INFO 22080 --- [Employee-Management-System] [main] c.E.EmployeeManagementSystemApplication  : No active profile set, falling back to 1 default profile: "default"
2026-04-29T01:43:51.413+05:30  INFO 22080 --- [Employee-Management-System] [main] .s.d.r.c.RepositoryConfigurationDelegate : Bootstrapping Spring Data JPA repositories in DEFAULT mode.
2026-04-29T01:43:51.512+05:30  INFO 22080 --- [Employee-Management-System] [main] .s.d.r.c.RepositoryConfigurationDelegate : Finished Spring Data repository scanning in 90 ms. Found 6 JPA repository interfaces.
2026-04-29T01:43:52.333+05:30  INFO 22080 --- [Employee-Management-System] [main] o.s.b.w.embedded.tomcat.TomcatWebServer  : Tomcat initialized with port 8080 (http)
2026-04-29T01:43:52.356+05:30  INFO 22080 --- [Employee-Management-System] [main] o.apache.catalina.core.StandardService   : Starting service [Tomcat]
2026-04-29T01:43:52.356+05:30  INFO 22080 --- [Employee-Management-System] [main] o.apache.catalina.core.StandardEngine    : Starting Servlet engine: [Apache Tomcat/10.1.31]
2026-04-29T01:43:52.428+05:30  INFO 22080 --- [Employee-Management-System] [main] o.a.c.c.C.[Tomcat].[localhost].[/]       : Initializing Spring embedded WebApplicationContext
2026-04-29T01:43:52.428+05:30  INFO 22080 --- [Employee-Management-System] [main] w.s.c.ServletWebServerApplicationContext : Root WebApplicationContext: initialization completed in 2049 ms
2026-04-29T01:43:52.709+05:30  INFO 22080 --- [Employee-Management-System] [main] o.hibernate.jpa.internal.util.LogHelper  : HHH000204: Processing PersistenceUnitInfo [name: default]
2026-04-29T01:43:52.793+05:30  INFO 22080 --- [Employee-Management-System] [main] org.hibernate.Version                    : HHH000412: Hibernate ORM core version 6.5.3.Final
2026-04-29T01:43:52.839+05:30  INFO 22080 --- [Employee-Management-System] [main] o.h.c.internal.RegionFactoryInitiator    : HHH000026: Second-level cache disabled
2026-04-29T01:43:53.183+05:30  INFO 22080 --- [Employee-Management-System] [main] o.s.o.j.p.SpringPersistenceUnitInfo      : No LoadTimeWeaver setup: ignoring JPA class transformer
2026-04-29T01:43:53.224+05:30  INFO 22080 --- [Employee-Management-System] [main] com.zaxxer.hikari.HikariDataSource       : HikariPool-1 - Starting...
2026-04-29T01:43:53.626+05:30  INFO 22080 --- [Employee-Management-System] [main] com.zaxxer.hikari.pool.HikariPool        : HikariPool-1 - Added connection com.mysql.cj.jdbc.ConnectionImpl@416c8bb5
2026-04-29T01:43:53.628+05:30  INFO 22080 --- [Employee-Management-System] [main] com.zaxxer.hikari.HikariDataSource       : HikariPool-1 - Start completed.
2026-04-29T01:43:54.633+05:30  INFO 22080 --- [Employee-Management-System] [main] o.h.e.t.j.p.i.JtaPlatformInitiator       : HHH000489: No JTA platform available (set 'hibernate.transaction.jta.platform' to enable JTA platform integration)
2026-04-29T01:43:54.736+05:30  INFO 22080 --- [Employee-Management-System] [main] j.LocalContainerEntityManagerFactoryBean : Initialized JPA EntityManagerFactory for persistence unit 'default'
2026-04-29T01:43:55.026+05:30  INFO 22080 --- [Employee-Management-System] [main] o.s.d.j.r.query.QueryEnhancerFactory     : Hibernate is in classpath; If applicable, HQL parser will be used.
2026-04-29T01:43:56.177+05:30  WARN 22080 --- [Employee-Management-System] [main] JpaBaseConfiguration$JpaWebConfiguration : spring.jpa.open-in-view is enabled by default. Therefore, database queries may be performed during view rendering. Explicitly configure spring.jpa.open-in-view to disable this warning
2026-04-29T01:43:56.207+05:30  INFO 22080 --- [Employee-Management-System] [main] r$InitializeUserDetailsManagerConfigurer : Global AuthenticationManager configured with UserDetailsService bean with name customEmployeeDetailsService
2026-04-29T01:43:57.024+05:30  INFO 22080 --- [Employee-Management-System] [main] o.s.b.w.embedded.tomcat.TomcatWebServer  : Tomcat started on port 8080 (http) with context path '/'
2026-04-29T01:43:57.028+05:30  INFO 22080 --- [Employee-Management-System] [main] c.E.EmployeeManagementSystemApplication  : Started EmployeeManagementSystemApplication in 7.335 seconds (process running for 7.934)
2026-04-29T01:43:57.392+05:30  INFO 22080 --- [Employee-Management-System] [main] c.E.Security.DataInitializer             : ℹ️  Admin user password synced: admin@ems.com
2026-04-29T01:44:12.774+05:30  INFO 22080 --- [Employee-Management-System] [http-nio-8080-exec-1] o.a.c.c.C.[Tomcat].[localhost].[/]       : Initializing Spring DispatcherServlet 'dispatcherServlet'
2026-04-29T01:44:12.774+05:30  INFO 22080 --- [Employee-Management-System] [http-nio-8080-exec-1] o.s.web.servlet.DispatcherServlet        : Initializing Servlet 'dispatcherServlet'
2026-04-29T01:44:12.776+05:30  INFO 22080 --- [Employee-Management-System] [http-nio-8080-exec-1] o.s.web.servlet.DispatcherServlet        : Completed initialization in 2 ms
2026-04-29T01:44:14.803+05:30  WARN 22080 --- [Employee-Management-System] [http-nio-8080-exec-6] c.E.C.E.ExceptionControllerAdvice        : No static resource found: No static resource favicon.ico.
2026-04-29T01:44:39.772+05:30  INFO 22080 --- [Employee-Management-System] [http-nio-8080-exec-9] c.E.Controller.UserController            : REST request to login user: archit123@gmail.com
2026-04-29T01:44:39.916+05:30  INFO 22080 --- [Employee-Management-System] [http-nio-8080-exec-9] c.E.Controller.UserController            : User archit123@gmail.com successfully logged in
2026-04-29T01:45:11.488+05:30  INFO 22080 --- [Employee-Management-System] [http-nio-8080-exec-4] c.E.Controller.UserController            : REST request to login user: ujair123@gmail.com
2026-04-29T01:45:11.561+05:30  WARN 22080 --- [Employee-Management-System] [http-nio-8080-exec-4] c.E.C.E.ExceptionControllerAdvice        : Bad credentials: Bad credentials
2026-04-29T01:47:41.439+05:30  INFO 22080 --- [Employee-Management-System] [http-nio-8080-exec-8] c.E.Controller.UserController            : REST request to login user: suhail@gmail.com
2026-04-29T01:47:41.507+05:30  INFO 22080 --- [Employee-Management-System] [http-nio-8080-exec-8] c.E.Controller.UserController            : User suhail@gmail.com successfully logged in
2026-04-29T01:47:41.862+05:30  INFO 22080 --- [Employee-Management-System] [http-nio-8080-exec-6] c.E.Controller.PaginationController      : REST request to find employees by page: page=0, size=7, sort=[id, ASC]
2026-04-29T01:47:41.987+05:30  INFO 22080 --- [Employee-Management-System] [http-nio-8080-exec-6] c.E.Controller.PaginationController      : Successfully retrieved page 0 of employees
2026-04-29T01:47:41.993+05:30  WARN 22080 --- [Employee-Management-System] [http-nio-8080-exec-6] ration$PageModule$WarningLoggingModifier : Serializing PageImpl instances as-is is not supported, meaning that there is no guarantee about the stability of the resulting JSON structure!
	For a stable JSON structure, please use Spring Data's PagedModel (globally via @EnableSpringDataWebSupport(pageSerializationMode = VIA_DTO))
	or Spring HATEOAS and Spring Data's PagedResourcesAssembler as documented in https://docs.spring.io/spring-data/commons/reference/repositories/core-extensions.html#core.web.pageables.

2026-04-29T01:48:12.831+05:30  INFO 22080 --- [Employee-Management-System] [http-nio-8080-exec-10] c.E.C.SalaryCalculationController        : REST request to calculate dynamic salary for employee ID: 22
2026-04-29T01:48:12.857+05:30  INFO 22080 --- [Employee-Management-System] [http-nio-8080-exec-10] c.E.C.SalaryCalculationController        : Successfully calculated dynamic salary for employee ID: 22
2026-04-29T01:48:18.711+05:30  INFO 22080 --- [Employee-Management-System] [http-nio-8080-exec-9] c.E.Controller.PaginationController      : REST request to find employees by page: page=0, size=7, sort=[firstName, ASC]
2026-04-29T01:48:18.728+05:30  INFO 22080 --- [Employee-Management-System] [http-nio-8080-exec-9] c.E.Controller.PaginationController      : Successfully retrieved page 0 of employees
2026-04-29T01:48:30.588+05:30  INFO 22080 --- [Employee-Management-System] [http-nio-8080-exec-7] c.E.Controller.FilterEmployeeController  : REST request to filter employees by department name: IT
2026-04-29T01:48:30.599+05:30  INFO 22080 --- [Employee-Management-System] [http-nio-8080-exec-7] c.E.Controller.FilterEmployeeController  : Successfully filtered employees by department name: IT, count: 2
2026-04-29T01:48:34.977+05:30  INFO 22080 --- [Employee-Management-System] [http-nio-8080-exec-8] c.E.Controller.PaginationController      : REST request to find employees by page: page=0, size=7, sort=[firstName, ASC]
2026-04-29T01:48:34.978+05:30  INFO 22080 --- [Employee-Management-System] [http-nio-8080-exec-8] c.E.Controller.PaginationController      : Successfully retrieved page 0 of employees
2026-04-29T01:48:37.541+05:30  INFO 22080 --- [Employee-Management-System] [http-nio-8080-exec-4] c.E.Controller.PaginationController      : REST request to find employees by page: page=0, size=7, sort=[firstName, ASC]
2026-04-29T01:48:37.541+05:30  INFO 22080 --- [Employee-Management-System] [http-nio-8080-exec-4] c.E.Controller.PaginationController      : Successfully retrieved page 0 of employees
2026-04-29T01:48:53.117+05:30  INFO 22080 --- [Employee-Management-System] [http-nio-8080-exec-5] c.E.Controller.UpdateEmployeeController  : REST request to update employee ID: 18
2026-04-29T01:48:53.129+05:30  INFO 22080 --- [Employee-Management-System] [http-nio-8080-exec-5] c.E.S.S.UpdateEmployeeServiceImpl        : Attempting to update employee ID: 18
2026-04-29T01:48:53.170+05:30  INFO 22080 --- [Employee-Management-System] [http-nio-8080-exec-5] c.E.S.S.UpdateEmployeeServiceImpl        : Employee ID 18 successfully updated
2026-04-29T01:48:53.204+05:30  INFO 22080 --- [Employee-Management-System] [http-nio-8080-exec-5] c.E.Controller.UpdateEmployeeController  : Successfully updated employee ID: 18
2026-04-29T01:48:54.428+05:30  INFO 22080 --- [Employee-Management-System] [http-nio-8080-exec-6] c.E.Controller.PaginationController      : REST request to find employees by page: page=0, size=7, sort=[firstName, ASC]
2026-04-29T01:48:54.436+05:30  INFO 22080 --- [Employee-Management-System] [http-nio-8080-exec-6] c.E.Controller.PaginationController      : Successfully retrieved page 0 of employees
2026-04-29T01:48:59.054+05:30  INFO 22080 --- [Employee-Management-System] [http-nio-8080-exec-10] c.E.Controller.PaginationController      : REST request to find employees by page: page=1, size=7, sort=[firstName, ASC]
2026-04-29T01:48:59.061+05:30  INFO 22080 --- [Employee-Management-System] [http-nio-8080-exec-10] c.E.Controller.PaginationController      : Successfully retrieved page 1 of employees
2026-04-29T01:49:02.110+05:30  INFO 22080 --- [Employee-Management-System] [http-nio-8080-exec-9] c.E.Controller.PaginationController      : REST request to find employees by page: page=0, size=7, sort=[firstName, ASC]
2026-04-29T01:49:02.110+05:30  INFO 22080 --- [Employee-Management-System] [http-nio-8080-exec-9] c.E.Controller.PaginationController      : Successfully retrieved page 0 of employees
2026-04-29T01:49:14.416+05:30  INFO 22080 --- [Employee-Management-System] [http-nio-8080-exec-7] c.E.Controller.PaginationController      : REST request to find employees by page: page=0, size=7, sort=[id, ASC]
2026-04-29T01:49:14.424+05:30  INFO 22080 --- [Employee-Management-System] [http-nio-8080-exec-7] c.E.Controller.PaginationController      : Successfully retrieved page 0 of employees
2026-04-29T01:49:38.061+05:30  INFO 22080 --- [Employee-Management-System] [http-nio-8080-exec-8] c.E.Controller.PaginationController      : REST request to find employees by page: page=1, size=7, sort=[id, ASC]
2026-04-29T01:49:38.065+05:30  INFO 22080 --- [Employee-Management-System] [http-nio-8080-exec-8] c.E.Controller.PaginationController      : Successfully retrieved page 1 of employees
2026-04-29T01:51:15.393+05:30  INFO 22080 --- [Employee-Management-System] [http-nio-8080-exec-2] c.E.Controller.CreateEmployeeController  : REST request to add employee with phone: 8769543567
2026-04-29T01:51:15.393+05:30  INFO 22080 --- [Employee-Management-System] [http-nio-8080-exec-2] c.E.S.SeviceImpl.EmployeeServiceImpl     : Attempting to add employee with phone number: 8769543567
2026-04-29T01:51:15.461+05:30  INFO 22080 --- [Employee-Management-System] [http-nio-8080-exec-2] c.E.S.SeviceImpl.EmployeeServiceImpl     : Employee successfully added with ID: 25
2026-04-29T01:51:15.461+05:30  INFO 22080 --- [Employee-Management-System] [http-nio-8080-exec-2] c.E.Controller.CreateEmployeeController  : Successfully created employee with ID: 25
2026-04-29T01:51:15.491+05:30  INFO 22080 --- [Employee-Management-System] [http-nio-8080-exec-1] c.E.Controller.PaginationController      : REST request to find employees by page: page=0, size=7, sort=[id, ASC]
2026-04-29T01:51:15.503+05:30  INFO 22080 --- [Employee-Management-System] [http-nio-8080-exec-1] c.E.Controller.PaginationController      : Successfully retrieved page 0 of employees
2026-04-29T01:51:24.909+05:30  INFO 22080 --- [Employee-Management-System] [http-nio-8080-exec-3] c.E.Controller.FilterEmployeeController  : REST request to filter employees by department name: IT
2026-04-29T01:51:24.915+05:30  INFO 22080 --- [Employee-Management-System] [http-nio-8080-exec-3] c.E.Controller.FilterEmployeeController  : Successfully filtered employees by department name: IT, count: 3
2026-04-29T01:51:35.054+05:30  INFO 22080 --- [Employee-Management-System] [http-nio-8080-exec-5] c.E.Controller.FilterEmployeeController  : REST request to filter employees by department name: finance
2026-04-29T01:51:35.059+05:30  INFO 22080 --- [Employee-Management-System] [http-nio-8080-exec-5] c.E.Controller.FilterEmployeeController  : Successfully filtered employees by department name: finance, count: 2
2026-04-29T01:51:42.451+05:30  INFO 22080 --- [Employee-Management-System] [http-nio-8080-exec-6] c.E.Controller.FilterEmployeeController  : REST request to filter employees by department name: sales
2026-04-29T01:51:42.454+05:30  INFO 22080 --- [Employee-Management-System] [http-nio-8080-exec-6] c.E.Controller.FilterEmployeeController  : Successfully filtered employees by department name: sales, count: 2
2026-04-29T01:51:51.902+05:30  INFO 22080 --- [Employee-Management-System] [http-nio-8080-exec-10] c.E.Controller.FilterEmployeeController  : REST request to filter employees by department name: hr
2026-04-29T01:51:51.906+05:30  INFO 22080 --- [Employee-Management-System] [http-nio-8080-exec-10] c.E.Controller.FilterEmployeeController  : Successfully filtered employees by department name: hr, count: 4
2026-04-29T01:52:04.549+05:30  INFO 22080 --- [Employee-Management-System] [http-nio-8080-exec-9] c.E.Controller.FilterEmployeeController  : REST request to filter employees by department name: 22
2026-04-29T01:52:04.553+05:30  INFO 22080 --- [Employee-Management-System] [http-nio-8080-exec-9] c.E.Controller.FilterEmployeeController  : Successfully filtered employees by department name: 22, count: 0
2026-04-29T01:52:19.925+05:30  INFO 22080 --- [Employee-Management-System] [http-nio-8080-exec-7] c.E.Controller.FilterEmployeeController  : REST request to find employee by ID: 22
2026-04-29T01:52:19.934+05:30  INFO 22080 --- [Employee-Management-System] [http-nio-8080-exec-7] c.E.Controller.FilterEmployeeController  : Successfully found employee by ID: 22
2026-04-29T01:52:31.024+05:30  INFO 22080 --- [Employee-Management-System] [http-nio-8080-exec-8] c.E.Controller.DeleteEmployeeController  : REST request to delete employee ID: 22
2026-04-29T01:52:31.025+05:30  INFO 22080 --- [Employee-Management-System] [http-nio-8080-exec-8] c.E.S.S.DeleteEmployeeServiceImpl        : Attempting to delete employee ID: 22
2026-04-29T01:52:31.060+05:30  INFO 22080 --- [Employee-Management-System] [http-nio-8080-exec-8] c.E.S.S.DeleteEmployeeServiceImpl        : Employee ID 22 successfully deleted
2026-04-29T01:52:31.061+05:30  INFO 22080 --- [Employee-Management-System] [http-nio-8080-exec-8] c.E.Controller.DeleteEmployeeController  : Successfully deleted employee ID: 22
2026-04-29T01:52:31.067+05:30  INFO 22080 --- [Employee-Management-System] [http-nio-8080-exec-4] c.E.Controller.PaginationController      : REST request to find employees by page: page=0, size=7, sort=[id, ASC]
2026-04-29T01:52:31.074+05:30  INFO 22080 --- [Employee-Management-System] [http-nio-8080-exec-4] c.E.Controller.PaginationController      : Successfully retrieved page 0 of employees
2026-04-29T01:52:33.802+05:30  INFO 22080 --- [Employee-Management-System] [http-nio-8080-exec-2] c.E.Controller.PaginationController      : REST request to find employees by page: page=1, size=7, sort=[id, ASC]
2026-04-29T01:52:33.809+05:30  INFO 22080 --- [Employee-Management-System] [http-nio-8080-exec-2] c.E.Controller.PaginationController      : Successfully retrieved page 1 of employees
2026-04-29T01:52:35.875+05:30  INFO 22080 --- [Employee-Management-System] [http-nio-8080-exec-1] c.E.Controller.PaginationController      : REST request to find employees by page: page=0, size=7, sort=[id, ASC]
2026-04-29T01:52:35.875+05:30  INFO 22080 --- [Employee-Management-System] [http-nio-8080-exec-1] c.E.Controller.PaginationController      : Successfully retrieved page 0 of employees
2026-04-29T01:53:29.589+05:30  INFO 22080 --- [Employee-Management-System] [SpringApplicationShutdownHook] j.LocalContainerEntityManagerFactoryBean : Closing JPA EntityManagerFactory for persistence unit 'default'
2026-04-29T01:53:29.733+05:30  INFO 22080 --- [Employee-Management-System] [SpringApplicationShutdownHook] com.zaxxer.hikari.HikariDataSource       : HikariPool-1 - Shutdown initiated...
2026-04-29T01:53:29.857+05:30  INFO 22080 --- [Employee-Management-System] [SpringApplicationShutdownHook] com.zaxxer.hikari.HikariDataSource       : HikariPool-1 - Shutdown completed.
2026-04-29T10:56:55.627+05:30  INFO 19464 --- [Employee-Management-System] [main] c.E.EmployeeManagementSystemApplication  : Starting EmployeeManagementSystemApplication using Java 22 with PID 19464 (C:\Interview Questions\DSA interview questions\Employee-Management-System\target\classes started by asus in C:\Interview Questions\DSA interview questions\Employee-Management-System)
2026-04-29T10:56:55.645+05:30  INFO 19464 --- [Employee-Management-System] [main] c.E.EmployeeManagementSystemApplication  : No active profile set, falling back to 1 default profile: "default"
2026-04-29T10:57:00.228+05:30  INFO 19464 --- [Employee-Management-System] [main] .s.d.r.c.RepositoryConfigurationDelegate : Bootstrapping Spring Data JPA repositories in DEFAULT mode.
2026-04-29T10:57:00.690+05:30  INFO 19464 --- [Employee-Management-System] [main] .s.d.r.c.RepositoryConfigurationDelegate : Finished Spring Data repository scanning in 430 ms. Found 6 JPA repository interfaces.
2026-04-29T10:57:04.277+05:30  INFO 19464 --- [Employee-Management-System] [main] o.s.b.w.embedded.tomcat.TomcatWebServer  : Tomcat initialized with port 8080 (http)
2026-04-29T10:57:04.363+05:30  INFO 19464 --- [Employee-Management-System] [main] o.apache.catalina.core.StandardService   : Starting service [Tomcat]
2026-04-29T10:57:04.363+05:30  INFO 19464 --- [Employee-Management-System] [main] o.apache.catalina.core.StandardEngine    : Starting Servlet engine: [Apache Tomcat/10.1.31]
2026-04-29T10:57:04.656+05:30  INFO 19464 --- [Employee-Management-System] [main] o.a.c.c.C.[Tomcat].[localhost].[/]       : Initializing Spring embedded WebApplicationContext
2026-04-29T10:57:04.658+05:30  INFO 19464 --- [Employee-Management-System] [main] w.s.c.ServletWebServerApplicationContext : Root WebApplicationContext: initialization completed in 8745 ms
2026-04-29T10:57:05.662+05:30  INFO 19464 --- [Employee-Management-System] [main] o.hibernate.jpa.internal.util.LogHelper  : HHH000204: Processing PersistenceUnitInfo [name: default]
2026-04-29T10:57:06.026+05:30  INFO 19464 --- [Employee-Management-System] [main] org.hibernate.Version                    : HHH000412: Hibernate ORM core version 6.5.3.Final
2026-04-29T10:57:06.210+05:30  INFO 19464 --- [Employee-Management-System] [main] o.h.c.internal.RegionFactoryInitiator    : HHH000026: Second-level cache disabled
2026-04-29T10:57:07.889+05:30  INFO 19464 --- [Employee-Management-System] [main] o.s.o.j.p.SpringPersistenceUnitInfo      : No LoadTimeWeaver setup: ignoring JPA class transformer
2026-04-29T10:57:08.098+05:30  INFO 19464 --- [Employee-Management-System] [main] com.zaxxer.hikari.HikariDataSource       : HikariPool-1 - Starting...
2026-04-29T10:57:09.894+05:30  INFO 19464 --- [Employee-Management-System] [main] com.zaxxer.hikari.pool.HikariPool        : HikariPool-1 - Added connection com.mysql.cj.jdbc.ConnectionImpl@7a34c1f6
2026-04-29T10:57:09.896+05:30  INFO 19464 --- [Employee-Management-System] [main] com.zaxxer.hikari.HikariDataSource       : HikariPool-1 - Start completed.
2026-04-29T10:57:14.180+05:30  INFO 19464 --- [Employee-Management-System] [main] o.h.e.t.j.p.i.JtaPlatformInitiator       : HHH000489: No JTA platform available (set 'hibernate.transaction.jta.platform' to enable JTA platform integration)
2026-04-29T10:57:14.591+05:30  INFO 19464 --- [Employee-Management-System] [main] j.LocalContainerEntityManagerFactoryBean : Initialized JPA EntityManagerFactory for persistence unit 'default'
2026-04-29T10:57:15.969+05:30  INFO 19464 --- [Employee-Management-System] [main] o.s.d.j.r.query.QueryEnhancerFactory     : Hibernate is in classpath; If applicable, HQL parser will be used.
2026-04-29T10:57:20.168+05:30  WARN 19464 --- [Employee-Management-System] [main] JpaBaseConfiguration$JpaWebConfiguration : spring.jpa.open-in-view is enabled by default. Therefore, database queries may be performed during view rendering. Explicitly configure spring.jpa.open-in-view to disable this warning
2026-04-29T10:57:20.217+05:30  INFO 19464 --- [Employee-Management-System] [main] r$InitializeUserDetailsManagerConfigurer : Global AuthenticationManager configured with UserDetailsService bean with name customEmployeeDetailsService
2026-04-29T10:57:22.972+05:30  INFO 19464 --- [Employee-Management-System] [main] o.s.b.w.embedded.tomcat.TomcatWebServer  : Tomcat started on port 8080 (http) with context path '/'
2026-04-29T10:57:23.003+05:30  INFO 19464 --- [Employee-Management-System] [main] c.E.EmployeeManagementSystemApplication  : Started EmployeeManagementSystemApplication in 30.199 seconds (process running for 33.632)
2026-04-29T10:57:24.554+05:30  INFO 19464 --- [Employee-Management-System] [main] c.E.Security.DataInitializer             : ℹ️  Admin user password synced: admin@ems.com
2026-04-29T10:57:37.684+05:30  INFO 19464 --- [Employee-Management-System] [http-nio-8080-exec-1] o.a.c.c.C.[Tomcat].[localhost].[/]       : Initializing Spring DispatcherServlet 'dispatcherServlet'
2026-04-29T10:57:37.684+05:30  INFO 19464 --- [Employee-Management-System] [http-nio-8080-exec-1] o.s.web.servlet.DispatcherServlet        : Initializing Servlet 'dispatcherServlet'
2026-04-29T10:57:37.692+05:30  INFO 19464 --- [Employee-Management-System] [http-nio-8080-exec-1] o.s.web.servlet.DispatcherServlet        : Completed initialization in 4 ms
2026-04-29T10:57:42.174+05:30  WARN 19464 --- [Employee-Management-System] [http-nio-8080-exec-6] c.E.C.E.ExceptionControllerAdvice        : No static resource found: No static resource favicon.ico.
2026-04-29T10:57:56.821+05:30  INFO 19464 --- [Employee-Management-System] [http-nio-8080-exec-7] c.E.Controller.UserController            : REST request to login user: suhail@gmail.com
2026-04-29T10:57:57.532+05:30  INFO 19464 --- [Employee-Management-System] [http-nio-8080-exec-7] c.E.Controller.UserController            : User suhail@gmail.com successfully logged in
2026-04-29T10:57:58.285+05:30  INFO 19464 --- [Employee-Management-System] [http-nio-8080-exec-5] c.E.Controller.PaginationController      : REST request to find employees by page: page=0, size=7, sort=[id, ASC]
2026-04-29T10:57:58.478+05:30  INFO 19464 --- [Employee-Management-System] [http-nio-8080-exec-5] c.E.Controller.PaginationController      : Successfully retrieved page 0 of employees
2026-04-29T10:57:58.517+05:30  WARN 19464 --- [Employee-Management-System] [http-nio-8080-exec-5] ration$PageModule$WarningLoggingModifier : Serializing PageImpl instances as-is is not supported, meaning that there is no guarantee about the stability of the resulting JSON structure!
	For a stable JSON structure, please use Spring Data's PagedModel (globally via @EnableSpringDataWebSupport(pageSerializationMode = VIA_DTO))
	or Spring HATEOAS and Spring Data's PagedResourcesAssembler as documented in https://docs.spring.io/spring-data/commons/reference/repositories/core-extensions.html#core.web.pageables.

2026-04-29T10:58:10.204+05:30  INFO 19464 --- [Employee-Management-System] [http-nio-8080-exec-3] c.E.Controller.PaginationController      : REST request to find employees by page: page=1, size=7, sort=[id, ASC]
2026-04-29T10:58:10.230+05:30  INFO 19464 --- [Employee-Management-System] [http-nio-8080-exec-3] c.E.Controller.PaginationController      : Successfully retrieved page 1 of employees
2026-04-29T10:58:49.842+05:30  INFO 19464 --- [Employee-Management-System] [http-nio-8080-exec-9] c.E.Controller.PaginationController      : REST request to find employees by page: page=0, size=7, sort=[id, ASC]
2026-04-29T10:58:49.846+05:30  INFO 19464 --- [Employee-Management-System] [http-nio-8080-exec-9] c.E.Controller.PaginationController      : Successfully retrieved page 0 of employees
2026-04-29T10:58:53.909+05:30  INFO 19464 --- [Employee-Management-System] [http-nio-8080-exec-10] c.E.Controller.PaginationController      : REST request to find employees by page: page=1, size=7, sort=[id, ASC]
2026-04-29T10:58:53.911+05:30  INFO 19464 --- [Employee-Management-System] [http-nio-8080-exec-10] c.E.Controller.PaginationController      : Successfully retrieved page 1 of employees
2026-04-29T10:58:57.442+05:30  INFO 19464 --- [Employee-Management-System] [http-nio-8080-exec-1] c.E.Controller.PaginationController      : REST request to find employees by page: page=0, size=7, sort=[id, ASC]
2026-04-29T10:58:57.445+05:30  INFO 19464 --- [Employee-Management-System] [http-nio-8080-exec-1] c.E.Controller.PaginationController      : Successfully retrieved page 0 of employees
2026-04-29T10:59:21.636+05:30  WARN 19464 --- [Employee-Management-System] [http-nio-8080-exec-6] c.E.C.E.ExceptionControllerAdvice        : No static resource found: No static resource favicon.ico.
2026-04-29T10:59:35.908+05:30  INFO 19464 --- [Employee-Management-System] [http-nio-8080-exec-4] c.E.Controller.UserController            : REST request to login user: suhail@gmail.com
2026-04-29T10:59:36.187+05:30  INFO 19464 --- [Employee-Management-System] [http-nio-8080-exec-4] c.E.Controller.UserController            : User suhail@gmail.com successfully logged in
2026-04-29T10:59:36.698+05:30  INFO 19464 --- [Employee-Management-System] [http-nio-8080-exec-3] c.E.Controller.PaginationController      : REST request to find employees by page: page=0, size=7, sort=[id, ASC]
2026-04-29T10:59:36.706+05:30  INFO 19464 --- [Employee-Management-System] [http-nio-8080-exec-3] c.E.Controller.PaginationController      : Successfully retrieved page 0 of employees
2026-04-29T10:59:43.668+05:30  INFO 19464 --- [Employee-Management-System] [http-nio-8080-exec-7] c.E.Controller.PaginationController      : REST request to find employees by page: page=1, size=7, sort=[id, ASC]
2026-04-29T10:59:43.676+05:30  INFO 19464 --- [Employee-Management-System] [http-nio-8080-exec-7] c.E.Controller.PaginationController      : Successfully retrieved page 1 of employees
2026-04-29T10:59:46.072+05:30  INFO 19464 --- [Employee-Management-System] [http-nio-8080-exec-8] c.E.Controller.PaginationController      : REST request to find employees by page: page=0, size=7, sort=[id, ASC]
2026-04-29T10:59:46.082+05:30  INFO 19464 --- [Employee-Management-System] [http-nio-8080-exec-8] c.E.Controller.PaginationController      : Successfully retrieved page 0 of employees
2026-04-29T11:00:18.478+05:30  INFO 19464 --- [Employee-Management-System] [http-nio-8080-exec-6] c.E.Controller.UserController            : REST request to login user: azam@gmail.com
2026-04-29T11:00:18.783+05:30  INFO 19464 --- [Employee-Management-System] [http-nio-8080-exec-6] c.E.Controller.UserController            : User azam@gmail.com successfully logged in
2026-04-29T11:00:19.570+05:30  INFO 19464 --- [Employee-Management-System] [http-nio-8080-exec-2] c.E.Controller.FilterEmployeeController  : REST request to find employee by ID: 11
2026-04-29T11:00:19.736+05:30  INFO 19464 --- [Employee-Management-System] [http-nio-8080-exec-2] c.E.Controller.FilterEmployeeController  : Successfully found employee by ID: 11
2026-04-29T11:00:36.687+05:30  INFO 19464 --- [Employee-Management-System] [http-nio-8080-exec-2] c.E.Controller.FilterEmployeeController  : REST request to find employee by ID: 11
2026-04-29T11:00:36.687+05:30  INFO 19464 --- [Employee-Management-System] [http-nio-8080-exec-2] c.E.Controller.FilterEmployeeController  : Successfully found employee by ID: 11
2026-04-29T11:00:43.090+05:30  INFO 19464 --- [Employee-Management-System] [http-nio-8080-exec-2] c.E.Controller.FilterEmployeeController  : REST request to find employee by ID: 11
2026-04-29T11:00:43.094+05:30  INFO 19464 --- [Employee-Management-System] [http-nio-8080-exec-2] c.E.Controller.FilterEmployeeController  : Successfully found employee by ID: 11
2026-04-29T11:01:45.310+05:30  INFO 19464 --- [Employee-Management-System] [SpringApplicationShutdownHook] j.LocalContainerEntityManagerFactoryBean : Closing JPA EntityManagerFactory for persistence unit 'default'
2026-04-29T11:01:45.353+05:30  INFO 19464 --- [Employee-Management-System] [SpringApplicationShutdownHook] com.zaxxer.hikari.HikariDataSource       : HikariPool-1 - Shutdown initiated...
2026-04-29T11:01:45.444+05:30  INFO 19464 --- [Employee-Management-System] [SpringApplicationShutdownHook] com.zaxxer.hikari.HikariDataSource       : HikariPool-1 - Shutdown completed.
2026-04-29T11:32:15.735+05:30  INFO 21164 --- [Employee-Management-System] [main] c.E.EmployeeManagementSystemApplication  : Starting EmployeeManagementSystemApplication using Java 22 with PID 21164 (C:\Interview Questions\DSA interview questions\Employee-Management-System\target\classes started by asus in C:\Interview Questions\DSA interview questions\Employee-Management-System)
2026-04-29T11:32:15.735+05:30  INFO 21164 --- [Employee-Management-System] [main] c.E.EmployeeManagementSystemApplication  : No active profile set, falling back to 1 default profile: "default"
2026-04-29T11:32:16.682+05:30  INFO 21164 --- [Employee-Management-System] [main] .s.d.r.c.RepositoryConfigurationDelegate : Bootstrapping Spring Data JPA repositories in DEFAULT mode.
2026-04-29T11:32:16.758+05:30  INFO 21164 --- [Employee-Management-System] [main] .s.d.r.c.RepositoryConfigurationDelegate : Finished Spring Data repository scanning in 79 ms. Found 6 JPA repository interfaces.
2026-04-29T11:32:17.567+05:30  INFO 21164 --- [Employee-Management-System] [main] o.s.b.w.embedded.tomcat.TomcatWebServer  : Tomcat initialized with port 8080 (http)
2026-04-29T11:32:17.582+05:30  INFO 21164 --- [Employee-Management-System] [main] o.apache.catalina.core.StandardService   : Starting service [Tomcat]
2026-04-29T11:32:17.582+05:30  INFO 21164 --- [Employee-Management-System] [main] o.apache.catalina.core.StandardEngine    : Starting Servlet engine: [Apache Tomcat/10.1.31]
2026-04-29T11:32:17.659+05:30  INFO 21164 --- [Employee-Management-System] [main] o.a.c.c.C.[Tomcat].[localhost].[/]       : Initializing Spring embedded WebApplicationContext
2026-04-29T11:32:17.659+05:30  INFO 21164 --- [Employee-Management-System] [main] w.s.c.ServletWebServerApplicationContext : Root WebApplicationContext: initialization completed in 1875 ms
2026-04-29T11:32:17.902+05:30  INFO 21164 --- [Employee-Management-System] [main] o.hibernate.jpa.internal.util.LogHelper  : HHH000204: Processing PersistenceUnitInfo [name: default]
2026-04-29T11:32:17.994+05:30  INFO 21164 --- [Employee-Management-System] [main] org.hibernate.Version                    : HHH000412: Hibernate ORM core version 6.5.3.Final
2026-04-29T11:32:18.041+05:30  INFO 21164 --- [Employee-Management-System] [main] o.h.c.internal.RegionFactoryInitiator    : HHH000026: Second-level cache disabled
2026-04-29T11:32:18.347+05:30  INFO 21164 --- [Employee-Management-System] [main] o.s.o.j.p.SpringPersistenceUnitInfo      : No LoadTimeWeaver setup: ignoring JPA class transformer
2026-04-29T11:32:18.390+05:30  INFO 21164 --- [Employee-Management-System] [main] com.zaxxer.hikari.HikariDataSource       : HikariPool-1 - Starting...
2026-04-29T11:32:18.755+05:30  INFO 21164 --- [Employee-Management-System] [main] com.zaxxer.hikari.pool.HikariPool        : HikariPool-1 - Added connection com.mysql.cj.jdbc.ConnectionImpl@56f2c9e8
2026-04-29T11:32:18.763+05:30  INFO 21164 --- [Employee-Management-System] [main] com.zaxxer.hikari.HikariDataSource       : HikariPool-1 - Start completed.
2026-04-29T11:32:19.634+05:30  INFO 21164 --- [Employee-Management-System] [main] o.h.e.t.j.p.i.JtaPlatformInitiator       : HHH000489: No JTA platform available (set 'hibernate.transaction.jta.platform' to enable JTA platform integration)
2026-04-29T11:32:19.697+05:30  INFO 21164 --- [Employee-Management-System] [main] j.LocalContainerEntityManagerFactoryBean : Initialized JPA EntityManagerFactory for persistence unit 'default'
2026-04-29T11:32:20.017+05:30  INFO 21164 --- [Employee-Management-System] [main] o.s.d.j.r.query.QueryEnhancerFactory     : Hibernate is in classpath; If applicable, HQL parser will be used.
2026-04-29T11:32:20.957+05:30  WARN 21164 --- [Employee-Management-System] [main] JpaBaseConfiguration$JpaWebConfiguration : spring.jpa.open-in-view is enabled by default. Therefore, database queries may be performed during view rendering. Explicitly configure spring.jpa.open-in-view to disable this warning
2026-04-29T11:32:20.988+05:30  INFO 21164 --- [Employee-Management-System] [main] r$InitializeUserDetailsManagerConfigurer : Global AuthenticationManager configured with UserDetailsService bean with name customEmployeeDetailsService
2026-04-29T11:32:21.594+05:30  INFO 21164 --- [Employee-Management-System] [main] o.s.b.w.embedded.tomcat.TomcatWebServer  : Tomcat started on port 8080 (http) with context path '/'
2026-04-29T11:32:21.595+05:30  INFO 21164 --- [Employee-Management-System] [main] c.E.EmployeeManagementSystemApplication  : Started EmployeeManagementSystemApplication in 6.452 seconds (process running for 6.991)
2026-04-29T11:32:21.915+05:30  INFO 21164 --- [Employee-Management-System] [main] c.E.Security.DataInitializer             : ℹ️  Admin user password synced: admin@ems.com
2026-04-29T11:32:27.952+05:30  INFO 21164 --- [Employee-Management-System] [http-nio-8080-exec-1] o.a.c.c.C.[Tomcat].[localhost].[/]       : Initializing Spring DispatcherServlet 'dispatcherServlet'
2026-04-29T11:32:27.952+05:30  INFO 21164 --- [Employee-Management-System] [http-nio-8080-exec-1] o.s.web.servlet.DispatcherServlet        : Initializing Servlet 'dispatcherServlet'
2026-04-29T11:32:27.952+05:30  INFO 21164 --- [Employee-Management-System] [http-nio-8080-exec-1] o.s.web.servlet.DispatcherServlet        : Completed initialization in 0 ms
2026-04-29T11:35:05.835+05:30  INFO 21164 --- [Employee-Management-System] [SpringApplicationShutdownHook] j.LocalContainerEntityManagerFactoryBean : Closing JPA EntityManagerFactory for persistence unit 'default'
2026-04-29T11:35:05.840+05:30  INFO 21164 --- [Employee-Management-System] [SpringApplicationShutdownHook] com.zaxxer.hikari.HikariDataSource       : HikariPool-1 - Shutdown initiated...
2026-04-29T11:35:05.840+05:30  INFO 21164 --- [Employee-Management-System] [SpringApplicationShutdownHook] com.zaxxer.hikari.HikariDataSource       : HikariPool-1 - Shutdown completed.
2026-04-29T14:48:34.044+05:30  INFO 21564 --- [Employee-Management-System] [main] c.E.EmployeeManagementSystemApplication  : Starting EmployeeManagementSystemApplication using Java 22 with PID 21564 (C:\Interview Questions\DSA interview questions\Employee-Management-System\target\classes started by asus in C:\Interview Questions\DSA interview questions\Employee-Management-System)
2026-04-29T14:48:34.054+05:30  INFO 21564 --- [Employee-Management-System] [main] c.E.EmployeeManagementSystemApplication  : No active profile set, falling back to 1 default profile: "default"
2026-04-29T14:48:38.464+05:30  INFO 21564 --- [Employee-Management-System] [main] .s.d.r.c.RepositoryConfigurationDelegate : Bootstrapping Spring Data JPA repositories in DEFAULT mode.
2026-04-29T14:48:38.997+05:30  INFO 21564 --- [Employee-Management-System] [main] .s.d.r.c.RepositoryConfigurationDelegate : Finished Spring Data repository scanning in 457 ms. Found 6 JPA repository interfaces.
2026-04-29T14:48:42.385+05:30  INFO 21564 --- [Employee-Management-System] [main] o.s.b.w.embedded.tomcat.TomcatWebServer  : Tomcat initialized with port 8080 (http)
2026-04-29T14:48:42.457+05:30  INFO 21564 --- [Employee-Management-System] [main] o.apache.catalina.core.StandardService   : Starting service [Tomcat]
2026-04-29T14:48:42.457+05:30  INFO 21564 --- [Employee-Management-System] [main] o.apache.catalina.core.StandardEngine    : Starting Servlet engine: [Apache Tomcat/10.1.31]
2026-04-29T14:48:42.804+05:30  INFO 21564 --- [Employee-Management-System] [main] o.a.c.c.C.[Tomcat].[localhost].[/]       : Initializing Spring embedded WebApplicationContext
2026-04-29T14:48:42.806+05:30  INFO 21564 --- [Employee-Management-System] [main] w.s.c.ServletWebServerApplicationContext : Root WebApplicationContext: initialization completed in 8487 ms
2026-04-29T14:48:43.715+05:30  INFO 21564 --- [Employee-Management-System] [main] o.hibernate.jpa.internal.util.LogHelper  : HHH000204: Processing PersistenceUnitInfo [name: default]
2026-04-29T14:48:44.071+05:30  INFO 21564 --- [Employee-Management-System] [main] org.hibernate.Version                    : HHH000412: Hibernate ORM core version 6.5.3.Final
2026-04-29T14:48:44.290+05:30  INFO 21564 --- [Employee-Management-System] [main] o.h.c.internal.RegionFactoryInitiator    : HHH000026: Second-level cache disabled
2026-04-29T14:48:45.596+05:30  INFO 21564 --- [Employee-Management-System] [main] o.s.o.j.p.SpringPersistenceUnitInfo      : No LoadTimeWeaver setup: ignoring JPA class transformer
2026-04-29T14:48:45.723+05:30  INFO 21564 --- [Employee-Management-System] [main] com.zaxxer.hikari.HikariDataSource       : HikariPool-1 - Starting...
2026-04-29T14:48:47.247+05:30  INFO 21564 --- [Employee-Management-System] [main] com.zaxxer.hikari.pool.HikariPool        : HikariPool-1 - Added connection com.mysql.cj.jdbc.ConnectionImpl@51cca357
2026-04-29T14:48:47.255+05:30  INFO 21564 --- [Employee-Management-System] [main] com.zaxxer.hikari.HikariDataSource       : HikariPool-1 - Start completed.
2026-04-29T14:48:51.560+05:30  INFO 21564 --- [Employee-Management-System] [main] o.h.e.t.j.p.i.JtaPlatformInitiator       : HHH000489: No JTA platform available (set 'hibernate.transaction.jta.platform' to enable JTA platform integration)
2026-04-29T14:48:51.963+05:30  INFO 21564 --- [Employee-Management-System] [main] j.LocalContainerEntityManagerFactoryBean : Initialized JPA EntityManagerFactory for persistence unit 'default'
2026-04-29T14:48:53.417+05:30  INFO 21564 --- [Employee-Management-System] [main] o.s.d.j.r.query.QueryEnhancerFactory     : Hibernate is in classpath; If applicable, HQL parser will be used.
2026-04-29T14:48:57.357+05:30  WARN 21564 --- [Employee-Management-System] [main] JpaBaseConfiguration$JpaWebConfiguration : spring.jpa.open-in-view is enabled by default. Therefore, database queries may be performed during view rendering. Explicitly configure spring.jpa.open-in-view to disable this warning
2026-04-29T14:48:57.444+05:30  INFO 21564 --- [Employee-Management-System] [main] r$InitializeUserDetailsManagerConfigurer : Global AuthenticationManager configured with UserDetailsService bean with name customEmployeeDetailsService
2026-04-29T14:48:59.976+05:30  INFO 21564 --- [Employee-Management-System] [main] o.s.b.w.embedded.tomcat.TomcatWebServer  : Tomcat started on port 8080 (http) with context path '/'
2026-04-29T14:49:00.002+05:30  INFO 21564 --- [Employee-Management-System] [main] c.E.EmployeeManagementSystemApplication  : Started EmployeeManagementSystemApplication in 28.673 seconds (process running for 30.811)
2026-04-29T14:49:01.421+05:30  INFO 21564 --- [Employee-Management-System] [main] c.E.Security.DataInitializer             : ℹ️  Admin user password synced: admin@ems.com
2026-04-29T14:50:48.455+05:30  INFO 21564 --- [Employee-Management-System] [http-nio-8080-exec-1] o.a.c.c.C.[Tomcat].[localhost].[/]       : Initializing Spring DispatcherServlet 'dispatcherServlet'
2026-04-29T14:50:48.457+05:30  INFO 21564 --- [Employee-Management-System] [http-nio-8080-exec-1] o.s.web.servlet.DispatcherServlet        : Initializing Servlet 'dispatcherServlet'
2026-04-29T14:50:48.464+05:30  INFO 21564 --- [Employee-Management-System] [http-nio-8080-exec-1] o.s.web.servlet.DispatcherServlet        : Completed initialization in 7 ms
2026-04-29T14:51:10.110+05:30  INFO 21564 --- [Employee-Management-System] [http-nio-8080-exec-5] c.E.Controller.UserController            : REST request to login user: azam@gmail.com
2026-04-29T14:51:10.699+05:30  WARN 21564 --- [Employee-Management-System] [http-nio-8080-exec-5] c.E.C.E.ExceptionControllerAdvice        : Bad credentials: Bad credentials
2026-04-29T14:51:19.196+05:30  INFO 21564 --- [Employee-Management-System] [http-nio-8080-exec-6] c.E.Controller.UserController            : REST request to login user: azam@gmail.com
2026-04-29T14:51:19.546+05:30  INFO 21564 --- [Employee-Management-System] [http-nio-8080-exec-6] c.E.Controller.UserController            : User azam@gmail.com successfully logged in
2026-04-29T14:51:20.207+05:30  INFO 21564 --- [Employee-Management-System] [http-nio-8080-exec-2] c.E.Controller.FilterEmployeeController  : REST request to find employee by ID: 11
2026-04-29T14:51:20.321+05:30  INFO 21564 --- [Employee-Management-System] [http-nio-8080-exec-2] c.E.Controller.FilterEmployeeController  : Successfully found employee by ID: 11
2026-04-29T14:51:35.731+05:30  INFO 21564 --- [Employee-Management-System] [http-nio-8080-exec-2] c.E.Controller.FilterEmployeeController  : REST request to find employee by ID: 11
2026-04-29T14:51:35.732+05:30  INFO 21564 --- [Employee-Management-System] [http-nio-8080-exec-2] c.E.Controller.FilterEmployeeController  : Successfully found employee by ID: 11
2026-04-29T14:51:46.758+05:30  INFO 21564 --- [Employee-Management-System] [http-nio-8080-exec-2] c.E.Controller.FilterEmployeeController  : REST request to find employee by ID: 11
2026-04-29T14:51:46.759+05:30  INFO 21564 --- [Employee-Management-System] [http-nio-8080-exec-2] c.E.Controller.FilterEmployeeController  : Successfully found employee by ID: 11
2026-04-29T14:52:19.041+05:30  INFO 21564 --- [Employee-Management-System] [http-nio-8080-exec-3] c.E.Controller.UserController            : REST request to login user: suhail@gmail.com
2026-04-29T14:52:19.332+05:30  INFO 21564 --- [Employee-Management-System] [http-nio-8080-exec-3] c.E.Controller.UserController            : User suhail@gmail.com successfully logged in
2026-04-29T14:52:19.937+05:30  INFO 21564 --- [Employee-Management-System] [http-nio-8080-exec-8] c.E.Controller.PaginationController      : REST request to find employees by page: page=0, size=7, sort=[id, ASC]
2026-04-29T14:52:20.103+05:30  INFO 21564 --- [Employee-Management-System] [http-nio-8080-exec-8] c.E.Controller.PaginationController      : Successfully retrieved page 0 of employees
2026-04-29T14:52:20.120+05:30  WARN 21564 --- [Employee-Management-System] [http-nio-8080-exec-8] ration$PageModule$WarningLoggingModifier : Serializing PageImpl instances as-is is not supported, meaning that there is no guarantee about the stability of the resulting JSON structure!
	For a stable JSON structure, please use Spring Data's PagedModel (globally via @EnableSpringDataWebSupport(pageSerializationMode = VIA_DTO))
	or Spring HATEOAS and Spring Data's PagedResourcesAssembler as documented in https://docs.spring.io/spring-data/commons/reference/repositories/core-extensions.html#core.web.pageables.

2026-04-29T14:52:34.161+05:30  INFO 21564 --- [Employee-Management-System] [http-nio-8080-exec-8] c.E.Controller.FilterEmployeeController  : REST request to find employee by ID: 22
2026-04-29T14:52:34.215+05:30  WARN 21564 --- [Employee-Management-System] [http-nio-8080-exec-8] c.E.S.SeviceImpl.EmployeeServiceImpl     : Employee ID 22 not found for admin suhail@gmail.com
2026-04-29T14:52:34.221+05:30  WARN 21564 --- [Employee-Management-System] [http-nio-8080-exec-8] c.E.C.E.ExceptionControllerAdvice        : Application constraint violated: You are not authorized to view employee 22
2026-04-29T14:52:42.930+05:30  INFO 21564 --- [Employee-Management-System] [http-nio-8080-exec-2] c.E.Controller.FilterEmployeeController  : REST request to find employee by ID: 22
2026-04-29T14:52:42.956+05:30  WARN 21564 --- [Employee-Management-System] [http-nio-8080-exec-2] c.E.S.SeviceImpl.EmployeeServiceImpl     : Employee ID 22 not found for admin suhail@gmail.com
2026-04-29T14:52:42.957+05:30  WARN 21564 --- [Employee-Management-System] [http-nio-8080-exec-2] c.E.C.E.ExceptionControllerAdvice        : Application constraint violated: You are not authorized to view employee 22
2026-04-29T14:52:48.120+05:30  INFO 21564 --- [Employee-Management-System] [http-nio-8080-exec-7] c.E.Controller.FilterEmployeeController  : REST request to find employee by ID: 33
2026-04-29T14:52:48.143+05:30  WARN 21564 --- [Employee-Management-System] [http-nio-8080-exec-7] c.E.S.SeviceImpl.EmployeeServiceImpl     : Employee ID 33 not found for admin suhail@gmail.com
2026-04-29T14:52:48.145+05:30  WARN 21564 --- [Employee-Management-System] [http-nio-8080-exec-7] c.E.C.E.ExceptionControllerAdvice        : Application constraint violated: You are not authorized to view employee 33
2026-04-29T14:52:49.083+05:30  INFO 21564 --- [Employee-Management-System] [http-nio-8080-exec-9] c.E.Controller.FilterEmployeeController  : REST request to find employee by ID: 33
2026-04-29T14:52:49.104+05:30  WARN 21564 --- [Employee-Management-System] [http-nio-8080-exec-9] c.E.S.SeviceImpl.EmployeeServiceImpl     : Employee ID 33 not found for admin suhail@gmail.com
2026-04-29T14:52:49.108+05:30  WARN 21564 --- [Employee-Management-System] [http-nio-8080-exec-9] c.E.C.E.ExceptionControllerAdvice        : Application constraint violated: You are not authorized to view employee 33
2026-04-29T14:52:53.834+05:30  INFO 21564 --- [Employee-Management-System] [http-nio-8080-exec-1] c.E.Controller.PaginationController      : REST request to find employees by page: page=0, size=7, sort=[id, ASC]
2026-04-29T14:52:53.837+05:30  INFO 21564 --- [Employee-Management-System] [http-nio-8080-exec-1] c.E.Controller.PaginationController      : Successfully retrieved page 0 of employees
2026-04-29T14:54:18.071+05:30  INFO 21564 --- [Employee-Management-System] [http-nio-8080-exec-2] c.E.Controller.FilterEmployeeController  : REST request to find employee by ID: 25
2026-04-29T14:54:18.152+05:30  INFO 21564 --- [Employee-Management-System] [http-nio-8080-exec-2] c.E.Controller.FilterEmployeeController  : Successfully found employee by ID: 25
2026-04-29T14:54:21.200+05:30  INFO 21564 --- [Employee-Management-System] [http-nio-8080-exec-3] c.E.Controller.FilterEmployeeController  : REST request to find employee by ID: 22
2026-04-29T14:54:21.228+05:30  WARN 21564 --- [Employee-Management-System] [http-nio-8080-exec-3] c.E.S.SeviceImpl.EmployeeServiceImpl     : Employee ID 22 not found for admin suhail@gmail.com
2026-04-29T14:54:21.231+05:30  WARN 21564 --- [Employee-Management-System] [http-nio-8080-exec-3] c.E.C.E.ExceptionControllerAdvice        : Application constraint violated: You are not authorized to view employee 22
2026-04-29T14:54:31.921+05:30  INFO 21564 --- [Employee-Management-System] [http-nio-8080-exec-4] c.E.Controller.FilterEmployeeController  : REST request to find employee by ID: 25
2026-04-29T14:54:31.921+05:30  INFO 21564 --- [Employee-Management-System] [http-nio-8080-exec-4] c.E.Controller.FilterEmployeeController  : Successfully found employee by ID: 25
2026-04-29T14:54:33.615+05:30  INFO 21564 --- [Employee-Management-System] [http-nio-8080-exec-6] c.E.Controller.FilterEmployeeController  : REST request to find employee by ID: 21
2026-04-29T14:54:33.642+05:30  INFO 21564 --- [Employee-Management-System] [http-nio-8080-exec-6] c.E.Controller.FilterEmployeeController  : Successfully found employee by ID: 21
2026-04-29T14:54:35.740+05:30  INFO 21564 --- [Employee-Management-System] [http-nio-8080-exec-10] c.E.Controller.FilterEmployeeController  : REST request to find employee by ID: 22
2026-04-29T14:54:35.762+05:30  WARN 21564 --- [Employee-Management-System] [http-nio-8080-exec-10] c.E.S.SeviceImpl.EmployeeServiceImpl     : Employee ID 22 not found for admin suhail@gmail.com
2026-04-29T14:54:35.763+05:30  WARN 21564 --- [Employee-Management-System] [http-nio-8080-exec-10] c.E.C.E.ExceptionControllerAdvice        : Application constraint violated: You are not authorized to view employee 22
2026-04-29T14:54:56.952+05:30  INFO 21564 --- [Employee-Management-System] [SpringApplicationShutdownHook] j.LocalContainerEntityManagerFactoryBean : Closing JPA EntityManagerFactory for persistence unit 'default'
2026-04-29T14:54:57.000+05:30  INFO 21564 --- [Employee-Management-System] [SpringApplicationShutdownHook] com.zaxxer.hikari.HikariDataSource       : HikariPool-1 - Shutdown initiated...
2026-04-29T14:54:57.079+05:30  INFO 21564 --- [Employee-Management-System] [SpringApplicationShutdownHook] com.zaxxer.hikari.HikariDataSource       : HikariPool-1 - Shutdown completed.
2026-04-29T14:57:49.714+05:30  INFO 6388 --- [Employee-Management-System] [main] c.E.EmployeeManagementSystemApplication  : Starting EmployeeManagementSystemApplication using Java 22 with PID 6388 (C:\Interview Questions\DSA interview questions\Employee-Management-System\target\classes started by asus in C:\Interview Questions\DSA interview questions\Employee-Management-System)
2026-04-29T14:57:49.728+05:30  INFO 6388 --- [Employee-Management-System] [main] c.E.EmployeeManagementSystemApplication  : No active profile set, falling back to 1 default profile: "default"
2026-04-29T14:57:54.106+05:30  INFO 6388 --- [Employee-Management-System] [main] .s.d.r.c.RepositoryConfigurationDelegate : Bootstrapping Spring Data JPA repositories in DEFAULT mode.
2026-04-29T14:57:54.500+05:30  INFO 6388 --- [Employee-Management-System] [main] .s.d.r.c.RepositoryConfigurationDelegate : Finished Spring Data repository scanning in 362 ms. Found 6 JPA repository interfaces.
2026-04-29T14:57:57.725+05:30  INFO 6388 --- [Employee-Management-System] [main] o.s.b.w.embedded.tomcat.TomcatWebServer  : Tomcat initialized with port 8080 (http)
2026-04-29T14:57:57.807+05:30  INFO 6388 --- [Employee-Management-System] [main] o.apache.catalina.core.StandardService   : Starting service [Tomcat]
2026-04-29T14:57:57.811+05:30  INFO 6388 --- [Employee-Management-System] [main] o.apache.catalina.core.StandardEngine    : Starting Servlet engine: [Apache Tomcat/10.1.31]
2026-04-29T14:57:58.159+05:30  INFO 6388 --- [Employee-Management-System] [main] o.a.c.c.C.[Tomcat].[localhost].[/]       : Initializing Spring embedded WebApplicationContext
2026-04-29T14:57:58.162+05:30  INFO 6388 --- [Employee-Management-System] [main] w.s.c.ServletWebServerApplicationContext : Root WebApplicationContext: initialization completed in 8239 ms
2026-04-29T14:57:58.937+05:30  INFO 6388 --- [Employee-Management-System] [main] o.hibernate.jpa.internal.util.LogHelper  : HHH000204: Processing PersistenceUnitInfo [name: default]
2026-04-29T14:57:59.207+05:30  INFO 6388 --- [Employee-Management-System] [main] org.hibernate.Version                    : HHH000412: Hibernate ORM core version 6.5.3.Final
2026-04-29T14:57:59.396+05:30  INFO 6388 --- [Employee-Management-System] [main] o.h.c.internal.RegionFactoryInitiator    : HHH000026: Second-level cache disabled
2026-04-29T14:58:00.871+05:30  INFO 6388 --- [Employee-Management-System] [main] o.s.o.j.p.SpringPersistenceUnitInfo      : No LoadTimeWeaver setup: ignoring JPA class transformer
2026-04-29T14:58:01.012+05:30  INFO 6388 --- [Employee-Management-System] [main] com.zaxxer.hikari.HikariDataSource       : HikariPool-1 - Starting...
2026-04-29T14:58:02.505+05:30  INFO 6388 --- [Employee-Management-System] [main] com.zaxxer.hikari.pool.HikariPool        : HikariPool-1 - Added connection com.mysql.cj.jdbc.ConnectionImpl@6b0325d0
2026-04-29T14:58:02.512+05:30  INFO 6388 --- [Employee-Management-System] [main] com.zaxxer.hikari.HikariDataSource       : HikariPool-1 - Start completed.
2026-04-29T14:58:06.371+05:30  INFO 6388 --- [Employee-Management-System] [main] o.h.e.t.j.p.i.JtaPlatformInitiator       : HHH000489: No JTA platform available (set 'hibernate.transaction.jta.platform' to enable JTA platform integration)
2026-04-29T14:58:06.705+05:30  INFO 6388 --- [Employee-Management-System] [main] j.LocalContainerEntityManagerFactoryBean : Initialized JPA EntityManagerFactory for persistence unit 'default'
2026-04-29T14:58:08.138+05:30  INFO 6388 --- [Employee-Management-System] [main] o.s.d.j.r.query.QueryEnhancerFactory     : Hibernate is in classpath; If applicable, HQL parser will be used.
2026-04-29T14:58:12.202+05:30  WARN 6388 --- [Employee-Management-System] [main] JpaBaseConfiguration$JpaWebConfiguration : spring.jpa.open-in-view is enabled by default. Therefore, database queries may be performed during view rendering. Explicitly configure spring.jpa.open-in-view to disable this warning
2026-04-29T14:58:12.284+05:30  INFO 6388 --- [Employee-Management-System] [main] r$InitializeUserDetailsManagerConfigurer : Global AuthenticationManager configured with UserDetailsService bean with name customEmployeeDetailsService
2026-04-29T14:58:14.750+05:30  INFO 6388 --- [Employee-Management-System] [main] o.s.b.w.embedded.tomcat.TomcatWebServer  : Tomcat started on port 8080 (http) with context path '/'
2026-04-29T14:58:14.782+05:30  INFO 6388 --- [Employee-Management-System] [main] c.E.EmployeeManagementSystemApplication  : Started EmployeeManagementSystemApplication in 27.631 seconds (process running for 29.379)
2026-04-29T14:58:16.265+05:30  INFO 6388 --- [Employee-Management-System] [main] c.E.Security.DataInitializer             : ℹ️  Admin user password synced: admin@ems.com
2026-04-29T14:58:42.182+05:30  INFO 6388 --- [Employee-Management-System] [http-nio-8080-exec-1] o.a.c.c.C.[Tomcat].[localhost].[/]       : Initializing Spring DispatcherServlet 'dispatcherServlet'
2026-04-29T14:58:42.184+05:30  INFO 6388 --- [Employee-Management-System] [http-nio-8080-exec-1] o.s.web.servlet.DispatcherServlet        : Initializing Servlet 'dispatcherServlet'
2026-04-29T14:58:42.191+05:30  INFO 6388 --- [Employee-Management-System] [http-nio-8080-exec-1] o.s.web.servlet.DispatcherServlet        : Completed initialization in 7 ms
2026-04-29T14:59:00.600+05:30  INFO 6388 --- [Employee-Management-System] [http-nio-8080-exec-5] c.E.Controller.UserController            : REST request to login user: suhail@gmail.com
2026-04-29T14:59:01.282+05:30  INFO 6388 --- [Employee-Management-System] [http-nio-8080-exec-5] c.E.Controller.UserController            : User suhail@gmail.com successfully logged in
2026-04-29T14:59:02.403+05:30  INFO 6388 --- [Employee-Management-System] [http-nio-8080-exec-1] c.E.Controller.PaginationController      : REST request to find employees by page: page=0, size=7, sort=[id, ASC]
2026-04-29T14:59:02.573+05:30  INFO 6388 --- [Employee-Management-System] [http-nio-8080-exec-1] c.E.Controller.PaginationController      : Successfully retrieved page 0 of employees
2026-04-29T14:59:02.591+05:30  WARN 6388 --- [Employee-Management-System] [http-nio-8080-exec-1] ration$PageModule$WarningLoggingModifier : Serializing PageImpl instances as-is is not supported, meaning that there is no guarantee about the stability of the resulting JSON structure!
	For a stable JSON structure, please use Spring Data's PagedModel (globally via @EnableSpringDataWebSupport(pageSerializationMode = VIA_DTO))
	or Spring HATEOAS and Spring Data's PagedResourcesAssembler as documented in https://docs.spring.io/spring-data/commons/reference/repositories/core-extensions.html#core.web.pageables.

2026-04-29T14:59:14.105+05:30  INFO 6388 --- [Employee-Management-System] [http-nio-8080-exec-1] c.E.Controller.PaginationController      : REST request to find employees by page: page=0, size=7, sort=[id, ASC]
2026-04-29T14:59:14.107+05:30  INFO 6388 --- [Employee-Management-System] [http-nio-8080-exec-1] c.E.Controller.PaginationController      : Successfully retrieved page 0 of employees
2026-04-29T14:59:17.957+05:30  INFO 6388 --- [Employee-Management-System] [http-nio-8080-exec-3] c.E.Controller.FilterEmployeeController  : REST request to find employee by ID: 22
2026-04-29T14:59:18.055+05:30  WARN 6388 --- [Employee-Management-System] [http-nio-8080-exec-3] c.E.S.SeviceImpl.EmployeeServiceImpl     : Employee ID 22 not found for admin suhail@gmail.com
2026-04-29T14:59:18.065+05:30  WARN 6388 --- [Employee-Management-System] [http-nio-8080-exec-3] c.E.C.E.ExceptionControllerAdvice        : Application constraint violated: You are not authorized to view employee 22
2026-04-29T15:02:51.234+05:30  INFO 6388 --- [Employee-Management-System] [http-nio-8080-exec-8] c.E.Controller.FilterEmployeeController  : REST request to find employee by ID: 5
2026-04-29T15:02:51.312+05:30  WARN 6388 --- [Employee-Management-System] [http-nio-8080-exec-8] c.E.S.SeviceImpl.EmployeeServiceImpl     : Employee ID 5 not found for admin suhail@gmail.com
2026-04-29T15:02:51.315+05:30  WARN 6388 --- [Employee-Management-System] [http-nio-8080-exec-8] c.E.C.E.ExceptionControllerAdvice        : Application constraint violated: You are not authorized to view employee 5
2026-04-29T15:02:54.074+05:30  INFO 6388 --- [Employee-Management-System] [http-nio-8080-exec-7] c.E.Controller.FilterEmployeeController  : REST request to find employee by ID: 1
2026-04-29T15:02:54.101+05:30  WARN 6388 --- [Employee-Management-System] [http-nio-8080-exec-7] c.E.S.SeviceImpl.EmployeeServiceImpl     : Employee ID 1 not found for admin suhail@gmail.com
2026-04-29T15:02:54.104+05:30  WARN 6388 --- [Employee-Management-System] [http-nio-8080-exec-7] c.E.C.E.ExceptionControllerAdvice        : Application constraint violated: You are not authorized to view employee 1
2026-04-29T15:02:57.393+05:30  INFO 6388 --- [Employee-Management-System] [http-nio-8080-exec-6] c.E.Controller.FilterEmployeeController  : REST request to find employee by ID: 2
2026-04-29T15:02:57.423+05:30  WARN 6388 --- [Employee-Management-System] [http-nio-8080-exec-6] c.E.S.SeviceImpl.EmployeeServiceImpl     : Employee ID 2 not found for admin suhail@gmail.com
2026-04-29T15:02:57.423+05:30  WARN 6388 --- [Employee-Management-System] [http-nio-8080-exec-6] c.E.C.E.ExceptionControllerAdvice        : Application constraint violated: You are not authorized to view employee 2
2026-04-29T15:03:00.541+05:30  INFO 6388 --- [Employee-Management-System] [http-nio-8080-exec-9] c.E.Controller.FilterEmployeeController  : REST request to find employee by ID: 3
2026-04-29T15:03:00.562+05:30  WARN 6388 --- [Employee-Management-System] [http-nio-8080-exec-9] c.E.S.SeviceImpl.EmployeeServiceImpl     : Employee ID 3 not found for admin suhail@gmail.com
2026-04-29T15:03:00.564+05:30  WARN 6388 --- [Employee-Management-System] [http-nio-8080-exec-9] c.E.C.E.ExceptionControllerAdvice        : Application constraint violated: You are not authorized to view employee 3
2026-04-29T15:03:14.276+05:30  INFO 6388 --- [Employee-Management-System] [http-nio-8080-exec-10] c.E.Controller.FilterEmployeeController  : REST request to find employee by ID: 6
2026-04-29T15:03:14.337+05:30  INFO 6388 --- [Employee-Management-System] [http-nio-8080-exec-10] c.E.Controller.FilterEmployeeController  : Successfully found employee by ID: 6
2026-04-29T15:03:17.641+05:30  INFO 6388 --- [Employee-Management-System] [http-nio-8080-exec-1] c.E.Controller.FilterEmployeeController  : REST request to find employee by ID: 3
2026-04-29T15:03:17.662+05:30  WARN 6388 --- [Employee-Management-System] [http-nio-8080-exec-1] c.E.S.SeviceImpl.EmployeeServiceImpl     : Employee ID 3 not found for admin suhail@gmail.com
2026-04-29T15:03:17.662+05:30  WARN 6388 --- [Employee-Management-System] [http-nio-8080-exec-1] c.E.C.E.ExceptionControllerAdvice        : Application constraint violated: You are not authorized to view employee 3
2026-04-29T15:11:13.037+05:30  INFO 6388 --- [Employee-Management-System] [SpringApplicationShutdownHook] j.LocalContainerEntityManagerFactoryBean : Closing JPA EntityManagerFactory for persistence unit 'default'
2026-04-29T15:11:13.179+05:30  INFO 6388 --- [Employee-Management-System] [SpringApplicationShutdownHook] com.zaxxer.hikari.HikariDataSource       : HikariPool-1 - Shutdown initiated...
2026-04-29T15:11:13.411+05:30  INFO 6388 --- [Employee-Management-System] [SpringApplicationShutdownHook] com.zaxxer.hikari.HikariDataSource       : HikariPool-1 - Shutdown completed.
2026-04-29T15:11:34.465+05:30  INFO 24892 --- [Employee-Management-System] [main] c.E.EmployeeManagementSystemApplication  : Starting EmployeeManagementSystemApplication using Java 22 with PID 24892 (C:\Interview Questions\DSA interview questions\Employee-Management-System\target\classes started by asus in C:\Interview Questions\DSA interview questions\Employee-Management-System)
2026-04-29T15:11:34.478+05:30  INFO 24892 --- [Employee-Management-System] [main] c.E.EmployeeManagementSystemApplication  : No active profile set, falling back to 1 default profile: "default"
2026-04-29T15:11:38.141+05:30  INFO 24892 --- [Employee-Management-System] [main] .s.d.r.c.RepositoryConfigurationDelegate : Bootstrapping Spring Data JPA repositories in DEFAULT mode.
2026-04-29T15:11:38.564+05:30  INFO 24892 --- [Employee-Management-System] [main] .s.d.r.c.RepositoryConfigurationDelegate : Finished Spring Data repository scanning in 380 ms. Found 6 JPA repository interfaces.
2026-04-29T15:11:41.260+05:30  INFO 24892 --- [Employee-Management-System] [main] o.s.b.w.embedded.tomcat.TomcatWebServer  : Tomcat initialized with port 8080 (http)
2026-04-29T15:11:41.315+05:30  INFO 24892 --- [Employee-Management-System] [main] o.apache.catalina.core.StandardService   : Starting service [Tomcat]
2026-04-29T15:11:41.321+05:30  INFO 24892 --- [Employee-Management-System] [main] o.apache.catalina.core.StandardEngine    : Starting Servlet engine: [Apache Tomcat/10.1.31]
2026-04-29T15:11:41.564+05:30  INFO 24892 --- [Employee-Management-System] [main] o.a.c.c.C.[Tomcat].[localhost].[/]       : Initializing Spring embedded WebApplicationContext
2026-04-29T15:11:41.565+05:30  INFO 24892 --- [Employee-Management-System] [main] w.s.c.ServletWebServerApplicationContext : Root WebApplicationContext: initialization completed in 6851 ms
2026-04-29T15:11:42.314+05:30  INFO 24892 --- [Employee-Management-System] [main] o.hibernate.jpa.internal.util.LogHelper  : HHH000204: Processing PersistenceUnitInfo [name: default]
2026-04-29T15:11:42.591+05:30  INFO 24892 --- [Employee-Management-System] [main] org.hibernate.Version                    : HHH000412: Hibernate ORM core version 6.5.3.Final
2026-04-29T15:11:42.747+05:30  INFO 24892 --- [Employee-Management-System] [main] o.h.c.internal.RegionFactoryInitiator    : HHH000026: Second-level cache disabled
2026-04-29T15:11:44.029+05:30  INFO 24892 --- [Employee-Management-System] [main] o.s.o.j.p.SpringPersistenceUnitInfo      : No LoadTimeWeaver setup: ignoring JPA class transformer
2026-04-29T15:11:44.190+05:30  INFO 24892 --- [Employee-Management-System] [main] com.zaxxer.hikari.HikariDataSource       : HikariPool-1 - Starting...
2026-04-29T15:11:45.637+05:30  INFO 24892 --- [Employee-Management-System] [main] com.zaxxer.hikari.pool.HikariPool        : HikariPool-1 - Added connection com.mysql.cj.jdbc.ConnectionImpl@5daad59a
2026-04-29T15:11:45.641+05:30  INFO 24892 --- [Employee-Management-System] [main] com.zaxxer.hikari.HikariDataSource       : HikariPool-1 - Start completed.
2026-04-29T15:11:49.641+05:30  INFO 24892 --- [Employee-Management-System] [main] o.h.e.t.j.p.i.JtaPlatformInitiator       : HHH000489: No JTA platform available (set 'hibernate.transaction.jta.platform' to enable JTA platform integration)
2026-04-29T15:11:49.955+05:30  INFO 24892 --- [Employee-Management-System] [main] j.LocalContainerEntityManagerFactoryBean : Initialized JPA EntityManagerFactory for persistence unit 'default'
2026-04-29T15:11:51.641+05:30  INFO 24892 --- [Employee-Management-System] [main] o.s.d.j.r.query.QueryEnhancerFactory     : Hibernate is in classpath; If applicable, HQL parser will be used.
2026-04-29T15:11:55.950+05:30  WARN 24892 --- [Employee-Management-System] [main] JpaBaseConfiguration$JpaWebConfiguration : spring.jpa.open-in-view is enabled by default. Therefore, database queries may be performed during view rendering. Explicitly configure spring.jpa.open-in-view to disable this warning
2026-04-29T15:11:56.037+05:30  INFO 24892 --- [Employee-Management-System] [main] r$InitializeUserDetailsManagerConfigurer : Global AuthenticationManager configured with UserDetailsService bean with name customEmployeeDetailsService
2026-04-29T15:11:58.871+05:30  INFO 24892 --- [Employee-Management-System] [main] o.s.b.w.embedded.tomcat.TomcatWebServer  : Tomcat started on port 8080 (http) with context path '/'
2026-04-29T15:11:58.899+05:30  INFO 24892 --- [Employee-Management-System] [main] c.E.EmployeeManagementSystemApplication  : Started EmployeeManagementSystemApplication in 26.947 seconds (process running for 28.65)
2026-04-29T15:12:00.162+05:30  INFO 24892 --- [Employee-Management-System] [main] c.E.Security.DataInitializer             : ℹ️  Admin user password synced: admin@ems.com
2026-04-29T15:12:48.957+05:30  INFO 24892 --- [Employee-Management-System] [http-nio-8080-exec-1] o.a.c.c.C.[Tomcat].[localhost].[/]       : Initializing Spring DispatcherServlet 'dispatcherServlet'
2026-04-29T15:12:48.957+05:30  INFO 24892 --- [Employee-Management-System] [http-nio-8080-exec-1] o.s.web.servlet.DispatcherServlet        : Initializing Servlet 'dispatcherServlet'
2026-04-29T15:12:48.965+05:30  INFO 24892 --- [Employee-Management-System] [http-nio-8080-exec-1] o.s.web.servlet.DispatcherServlet        : Completed initialization in 7 ms
2026-04-29T15:13:04.841+05:30  INFO 24892 --- [Employee-Management-System] [http-nio-8080-exec-5] c.E.Controller.UserController            : REST request to login user: suhail@gmail.com
2026-04-29T15:13:05.476+05:30  INFO 24892 --- [Employee-Management-System] [http-nio-8080-exec-5] c.E.Controller.UserController            : User suhail@gmail.com successfully logged in
2026-04-29T15:13:06.229+05:30  INFO 24892 --- [Employee-Management-System] [http-nio-8080-exec-1] c.E.Controller.PaginationController      : REST request to find employees by page: page=0, size=7, sort=[id, ASC]
2026-04-29T15:13:06.410+05:30  INFO 24892 --- [Employee-Management-System] [http-nio-8080-exec-1] c.E.Controller.PaginationController      : Successfully retrieved page 0 of employees
2026-04-29T15:13:06.425+05:30  WARN 24892 --- [Employee-Management-System] [http-nio-8080-exec-1] ration$PageModule$WarningLoggingModifier : Serializing PageImpl instances as-is is not supported, meaning that there is no guarantee about the stability of the resulting JSON structure!
	For a stable JSON structure, please use Spring Data's PagedModel (globally via @EnableSpringDataWebSupport(pageSerializationMode = VIA_DTO))
	or Spring HATEOAS and Spring Data's PagedResourcesAssembler as documented in https://docs.spring.io/spring-data/commons/reference/repositories/core-extensions.html#core.web.pageables.

2026-04-29T15:13:11.912+05:30  INFO 24892 --- [Employee-Management-System] [http-nio-8080-exec-2] c.E.Controller.FilterEmployeeController  : REST request to find employee by ID: 22
2026-04-29T15:13:12.015+05:30  WARN 24892 --- [Employee-Management-System] [http-nio-8080-exec-2] c.E.S.SeviceImpl.EmployeeServiceImpl     : Employee ID 22 not found for admin suhail@gmail.com
2026-04-29T15:13:12.023+05:30  WARN 24892 --- [Employee-Management-System] [http-nio-8080-exec-2] c.E.C.E.ExceptionControllerAdvice        : Employee Not Found
2026-04-29T15:13:29.849+05:30  INFO 24892 --- [Employee-Management-System] [SpringApplicationShutdownHook] j.LocalContainerEntityManagerFactoryBean : Closing JPA EntityManagerFactory for persistence unit 'default'
2026-04-29T15:13:29.861+05:30  INFO 24892 --- [Employee-Management-System] [SpringApplicationShutdownHook] com.zaxxer.hikari.HikariDataSource       : HikariPool-1 - Shutdown initiated...
2026-04-29T15:13:29.917+05:30  INFO 24892 --- [Employee-Management-System] [SpringApplicationShutdownHook] com.zaxxer.hikari.HikariDataSource       : HikariPool-1 - Shutdown completed.
2026-04-29T15:21:18.295+05:30  INFO 20572 --- [Employee-Management-System] [main] c.E.EmployeeManagementSystemApplication  : Starting EmployeeManagementSystemApplication using Java 22 with PID 20572 (C:\Interview Questions\DSA interview questions\Employee-Management-System\target\classes started by asus in C:\Interview Questions\DSA interview questions\Employee-Management-System)
2026-04-29T15:21:18.296+05:30  INFO 20572 --- [Employee-Management-System] [main] c.E.EmployeeManagementSystemApplication  : No active profile set, falling back to 1 default profile: "default"
2026-04-29T15:21:19.293+05:30  INFO 20572 --- [Employee-Management-System] [main] .s.d.r.c.RepositoryConfigurationDelegate : Bootstrapping Spring Data JPA repositories in DEFAULT mode.
2026-04-29T15:21:19.387+05:30  INFO 20572 --- [Employee-Management-System] [main] .s.d.r.c.RepositoryConfigurationDelegate : Finished Spring Data repository scanning in 85 ms. Found 6 JPA repository interfaces.
2026-04-29T15:21:20.237+05:30  INFO 20572 --- [Employee-Management-System] [main] o.s.b.w.embedded.tomcat.TomcatWebServer  : Tomcat initialized with port 8080 (http)
2026-04-29T15:21:20.251+05:30  INFO 20572 --- [Employee-Management-System] [main] o.apache.catalina.core.StandardService   : Starting service [Tomcat]
2026-04-29T15:21:20.251+05:30  INFO 20572 --- [Employee-Management-System] [main] o.apache.catalina.core.StandardEngine    : Starting Servlet engine: [Apache Tomcat/10.1.31]
2026-04-29T15:21:20.323+05:30  INFO 20572 --- [Employee-Management-System] [main] o.a.c.c.C.[Tomcat].[localhost].[/]       : Initializing Spring embedded WebApplicationContext
2026-04-29T15:21:20.323+05:30  INFO 20572 --- [Employee-Management-System] [main] w.s.c.ServletWebServerApplicationContext : Root WebApplicationContext: initialization completed in 1977 ms
2026-04-29T15:21:20.575+05:30  INFO 20572 --- [Employee-Management-System] [main] o.hibernate.jpa.internal.util.LogHelper  : HHH000204: Processing PersistenceUnitInfo [name: default]
2026-04-29T15:21:20.646+05:30  INFO 20572 --- [Employee-Management-System] [main] org.hibernate.Version                    : HHH000412: Hibernate ORM core version 6.5.3.Final
2026-04-29T15:21:20.689+05:30  INFO 20572 --- [Employee-Management-System] [main] o.h.c.internal.RegionFactoryInitiator    : HHH000026: Second-level cache disabled
2026-04-29T15:21:21.039+05:30  INFO 20572 --- [Employee-Management-System] [main] o.s.o.j.p.SpringPersistenceUnitInfo      : No LoadTimeWeaver setup: ignoring JPA class transformer
2026-04-29T15:21:21.070+05:30  INFO 20572 --- [Employee-Management-System] [main] com.zaxxer.hikari.HikariDataSource       : HikariPool-1 - Starting...
2026-04-29T15:21:21.457+05:30  INFO 20572 --- [Employee-Management-System] [main] com.zaxxer.hikari.pool.HikariPool        : HikariPool-1 - Added connection com.mysql.cj.jdbc.ConnectionImpl@3620eab
2026-04-29T15:21:21.460+05:30  INFO 20572 --- [Employee-Management-System] [main] com.zaxxer.hikari.HikariDataSource       : HikariPool-1 - Start completed.
2026-04-29T15:21:22.391+05:30  INFO 20572 --- [Employee-Management-System] [main] o.h.e.t.j.p.i.JtaPlatformInitiator       : HHH000489: No JTA platform available (set 'hibernate.transaction.jta.platform' to enable JTA platform integration)
2026-04-29T15:21:22.481+05:30  INFO 20572 --- [Employee-Management-System] [main] j.LocalContainerEntityManagerFactoryBean : Initialized JPA EntityManagerFactory for persistence unit 'default'
2026-04-29T15:21:22.882+05:30  INFO 20572 --- [Employee-Management-System] [main] o.s.d.j.r.query.QueryEnhancerFactory     : Hibernate is in classpath; If applicable, HQL parser will be used.
2026-04-29T15:21:23.784+05:30  WARN 20572 --- [Employee-Management-System] [main] JpaBaseConfiguration$JpaWebConfiguration : spring.jpa.open-in-view is enabled by default. Therefore, database queries may be performed during view rendering. Explicitly configure spring.jpa.open-in-view to disable this warning
2026-04-29T15:21:23.805+05:30  INFO 20572 --- [Employee-Management-System] [main] r$InitializeUserDetailsManagerConfigurer : Global AuthenticationManager configured with UserDetailsService bean with name customEmployeeDetailsService
2026-04-29T15:21:24.507+05:30  INFO 20572 --- [Employee-Management-System] [main] o.s.b.w.embedded.tomcat.TomcatWebServer  : Tomcat started on port 8080 (http) with context path '/'
2026-04-29T15:21:24.514+05:30  INFO 20572 --- [Employee-Management-System] [main] c.E.EmployeeManagementSystemApplication  : Started EmployeeManagementSystemApplication in 6.823 seconds (process running for 7.286)
2026-04-29T15:21:24.805+05:30  INFO 20572 --- [Employee-Management-System] [main] c.E.Security.DataInitializer             : ℹ️  Admin user password synced: admin@ems.com
2026-04-29T15:21:48.208+05:30  INFO 20572 --- [Employee-Management-System] [http-nio-8080-exec-1] o.a.c.c.C.[Tomcat].[localhost].[/]       : Initializing Spring DispatcherServlet 'dispatcherServlet'
2026-04-29T15:21:48.210+05:30  INFO 20572 --- [Employee-Management-System] [http-nio-8080-exec-1] o.s.web.servlet.DispatcherServlet        : Initializing Servlet 'dispatcherServlet'
2026-04-29T15:21:48.217+05:30  INFO 20572 --- [Employee-Management-System] [http-nio-8080-exec-1] o.s.web.servlet.DispatcherServlet        : Completed initialization in 6 ms
2026-04-29T15:22:12.278+05:30  INFO 20572 --- [Employee-Management-System] [http-nio-8080-exec-3] c.E.Controller.UserController            : REST request to login user: suhail@gmail.com
2026-04-29T15:22:12.914+05:30  INFO 20572 --- [Employee-Management-System] [http-nio-8080-exec-3] c.E.Controller.UserController            : User suhail@gmail.com successfully logged in
2026-04-29T15:22:13.657+05:30  INFO 20572 --- [Employee-Management-System] [http-nio-8080-exec-1] c.E.Controller.PaginationController      : REST request to find employees by page: page=0, size=7, sort=[id, ASC]
2026-04-29T15:22:13.811+05:30  INFO 20572 --- [Employee-Management-System] [http-nio-8080-exec-1] c.E.Controller.PaginationController      : Successfully retrieved page 0 of employees
2026-04-29T15:22:13.830+05:30  WARN 20572 --- [Employee-Management-System] [http-nio-8080-exec-1] ration$PageModule$WarningLoggingModifier : Serializing PageImpl instances as-is is not supported, meaning that there is no guarantee about the stability of the resulting JSON structure!
	For a stable JSON structure, please use Spring Data's PagedModel (globally via @EnableSpringDataWebSupport(pageSerializationMode = VIA_DTO))
	or Spring HATEOAS and Spring Data's PagedResourcesAssembler as documented in https://docs.spring.io/spring-data/commons/reference/repositories/core-extensions.html#core.web.pageables.

2026-04-29T15:22:18.696+05:30  INFO 20572 --- [Employee-Management-System] [http-nio-8080-exec-5] c.E.Controller.FilterEmployeeController  : REST request to find employee by ID: 22
2026-04-29T15:22:18.721+05:30  WARN 20572 --- [Employee-Management-System] [http-nio-8080-exec-5] c.E.S.SeviceImpl.EmployeeServiceImpl     : Employee ID 22 not found for admin suhail@gmail.com
2026-04-29T15:22:18.726+05:30  WARN 20572 --- [Employee-Management-System] [http-nio-8080-exec-5] c.E.C.E.ExceptionControllerAdvice        : Application constraint violated: You are not authorized to view employee 22
2026-04-29T15:22:32.996+05:30  INFO 20572 --- [Employee-Management-System] [http-nio-8080-exec-4] c.E.Controller.FilterEmployeeController  : REST request to find employee by ID: 6
2026-04-29T15:22:33.005+05:30  INFO 20572 --- [Employee-Management-System] [http-nio-8080-exec-4] c.E.Controller.FilterEmployeeController  : Successfully found employee by ID: 6
2026-04-29T15:26:00.971+05:30  INFO 20572 --- [Employee-Management-System] [SpringApplicationShutdownHook] j.LocalContainerEntityManagerFactoryBean : Closing JPA EntityManagerFactory for persistence unit 'default'
2026-04-29T15:26:01.015+05:30  INFO 20572 --- [Employee-Management-System] [SpringApplicationShutdownHook] com.zaxxer.hikari.HikariDataSource       : HikariPool-1 - Shutdown initiated...
2026-04-29T15:26:01.086+05:30  INFO 20572 --- [Employee-Management-System] [SpringApplicationShutdownHook] com.zaxxer.hikari.HikariDataSource       : HikariPool-1 - Shutdown completed.
2026-04-29T15:30:48.228+05:30  INFO 21048 --- [Employee-Management-System] [main] c.E.EmployeeManagementSystemApplication  : Starting EmployeeManagementSystemApplication using Java 22 with PID 21048 (C:\Interview Questions\DSA interview questions\Employee-Management-System\target\classes started by asus in C:\Interview Questions\DSA interview questions\Employee-Management-System)
2026-04-29T15:30:48.229+05:30 DEBUG 21048 --- [Employee-Management-System] [main] c.E.EmployeeManagementSystemApplication  : Running with Spring Boot v3.3.5, Spring v6.1.14
2026-04-29T15:30:48.230+05:30  INFO 21048 --- [Employee-Management-System] [main] c.E.EmployeeManagementSystemApplication  : No active profile set, falling back to 1 default profile: "default"
2026-04-29T15:30:49.260+05:30  INFO 21048 --- [Employee-Management-System] [main] .s.d.r.c.RepositoryConfigurationDelegate : Bootstrapping Spring Data JPA repositories in DEFAULT mode.
2026-04-29T15:30:49.369+05:30  INFO 21048 --- [Employee-Management-System] [main] .s.d.r.c.RepositoryConfigurationDelegate : Finished Spring Data repository scanning in 101 ms. Found 6 JPA repository interfaces.
2026-04-29T15:30:50.136+05:30  INFO 21048 --- [Employee-Management-System] [main] o.s.b.w.embedded.tomcat.TomcatWebServer  : Tomcat initialized with port 8080 (http)
2026-04-29T15:30:50.150+05:30  INFO 21048 --- [Employee-Management-System] [main] o.apache.catalina.core.StandardService   : Starting service [Tomcat]
2026-04-29T15:30:50.150+05:30  INFO 21048 --- [Employee-Management-System] [main] o.apache.catalina.core.StandardEngine    : Starting Servlet engine: [Apache Tomcat/10.1.31]
2026-04-29T15:30:50.213+05:30  INFO 21048 --- [Employee-Management-System] [main] o.a.c.c.C.[Tomcat].[localhost].[/]       : Initializing Spring embedded WebApplicationContext
2026-04-29T15:30:50.213+05:30  INFO 21048 --- [Employee-Management-System] [main] w.s.c.ServletWebServerApplicationContext : Root WebApplicationContext: initialization completed in 1940 ms
2026-04-29T15:30:50.449+05:30  INFO 21048 --- [Employee-Management-System] [main] o.hibernate.jpa.internal.util.LogHelper  : HHH000204: Processing PersistenceUnitInfo [name: default]
2026-04-29T15:30:50.528+05:30  INFO 21048 --- [Employee-Management-System] [main] org.hibernate.Version                    : HHH000412: Hibernate ORM core version 6.5.3.Final
2026-04-29T15:30:50.573+05:30  INFO 21048 --- [Employee-Management-System] [main] o.h.c.internal.RegionFactoryInitiator    : HHH000026: Second-level cache disabled
2026-04-29T15:30:50.927+05:30  INFO 21048 --- [Employee-Management-System] [main] o.s.o.j.p.SpringPersistenceUnitInfo      : No LoadTimeWeaver setup: ignoring JPA class transformer
2026-04-29T15:30:50.959+05:30  INFO 21048 --- [Employee-Management-System] [main] com.zaxxer.hikari.HikariDataSource       : HikariPool-1 - Starting...
2026-04-29T15:30:51.327+05:30  INFO 21048 --- [Employee-Management-System] [main] com.zaxxer.hikari.pool.HikariPool        : HikariPool-1 - Added connection com.mysql.cj.jdbc.ConnectionImpl@15130002
2026-04-29T15:30:51.327+05:30  INFO 21048 --- [Employee-Management-System] [main] com.zaxxer.hikari.HikariDataSource       : HikariPool-1 - Start completed.
2026-04-29T15:30:52.232+05:30  INFO 21048 --- [Employee-Management-System] [main] o.h.e.t.j.p.i.JtaPlatformInitiator       : HHH000489: No JTA platform available (set 'hibernate.transaction.jta.platform' to enable JTA platform integration)
2026-04-29T15:30:52.334+05:30  INFO 21048 --- [Employee-Management-System] [main] j.LocalContainerEntityManagerFactoryBean : Initialized JPA EntityManagerFactory for persistence unit 'default'
2026-04-29T15:30:52.641+05:30  INFO 21048 --- [Employee-Management-System] [main] o.s.d.j.r.query.QueryEnhancerFactory     : Hibernate is in classpath; If applicable, HQL parser will be used.
2026-04-29T15:30:53.537+05:30  WARN 21048 --- [Employee-Management-System] [main] JpaBaseConfiguration$JpaWebConfiguration : spring.jpa.open-in-view is enabled by default. Therefore, database queries may be performed during view rendering. Explicitly configure spring.jpa.open-in-view to disable this warning
2026-04-29T15:30:53.557+05:30  INFO 21048 --- [Employee-Management-System] [main] r$InitializeUserDetailsManagerConfigurer : Global AuthenticationManager configured with UserDetailsService bean with name customEmployeeDetailsService
2026-04-29T15:30:54.213+05:30  INFO 21048 --- [Employee-Management-System] [main] o.s.b.w.embedded.tomcat.TomcatWebServer  : Tomcat started on port 8080 (http) with context path '/'
2026-04-29T15:30:54.221+05:30  INFO 21048 --- [Employee-Management-System] [main] c.E.EmployeeManagementSystemApplication  : Started EmployeeManagementSystemApplication in 6.58 seconds (process running for 7.102)
2026-04-29T15:30:54.527+05:30  INFO 21048 --- [Employee-Management-System] [main] c.E.Security.DataInitializer             : ℹ️  Admin user password synced: admin@ems.com
2026-04-29T15:31:10.976+05:30  INFO 21048 --- [Employee-Management-System] [http-nio-8080-exec-1] o.a.c.c.C.[Tomcat].[localhost].[/]       : Initializing Spring DispatcherServlet 'dispatcherServlet'
2026-04-29T15:31:10.976+05:30  INFO 21048 --- [Employee-Management-System] [http-nio-8080-exec-1] o.s.web.servlet.DispatcherServlet        : Initializing Servlet 'dispatcherServlet'
2026-04-29T15:31:10.976+05:30  INFO 21048 --- [Employee-Management-System] [http-nio-8080-exec-1] o.s.web.servlet.DispatcherServlet        : Completed initialization in 0 ms
2026-04-29T15:31:28.513+05:30  INFO 21048 --- [Employee-Management-System] [http-nio-8080-exec-5] c.E.Controller.UserController            : REST request to login user: azam@gmail.com
2026-04-29T15:31:28.655+05:30  INFO 21048 --- [Employee-Management-System] [http-nio-8080-exec-5] c.E.Controller.UserController            : User azam@gmail.com successfully logged in
2026-04-29T15:31:28.877+05:30  INFO 21048 --- [Employee-Management-System] [http-nio-8080-exec-1] c.E.Controller.FilterEmployeeController  : REST request to find employee by ID: 11
2026-04-29T15:31:28.878+05:30 DEBUG 21048 --- [Employee-Management-System] [http-nio-8080-exec-1] c.E.S.SeviceImpl.EmployeeServiceImpl     : Fetching employee with ID: 11
2026-04-29T15:31:28.878+05:30 DEBUG 21048 --- [Employee-Management-System] [http-nio-8080-exec-1] c.E.S.SeviceImpl.EmployeeServiceImpl     : Regular user azam@gmail.com fetching employee ID 11
2026-04-29T15:31:28.910+05:30  INFO 21048 --- [Employee-Management-System] [http-nio-8080-exec-1] c.E.Controller.FilterEmployeeController  : Successfully found employee by ID: 11
2026-04-29T15:41:25.734+05:30  INFO 21048 --- [Employee-Management-System] [http-nio-8080-exec-5] c.E.Controller.UserController            : REST request to login user: azam@gmail.com
2026-04-29T15:41:25.850+05:30  INFO 21048 --- [Employee-Management-System] [http-nio-8080-exec-5] c.E.Controller.UserController            : User azam@gmail.com successfully logged in
2026-04-29T15:41:26.059+05:30  INFO 21048 --- [Employee-Management-System] [http-nio-8080-exec-9] c.E.Controller.FilterEmployeeController  : REST request to find employee by ID: 11
2026-04-29T15:41:26.062+05:30  INFO 21048 --- [Employee-Management-System] [http-nio-8080-exec-9] c.E.Controller.FilterEmployeeController  : Successfully found employee by ID: 11
2026-04-29T15:45:20.560+05:30  INFO 21048 --- [Employee-Management-System] [http-nio-8080-exec-2] c.E.Controller.UserController            : REST request to login user: azamf@gmail
2026-04-29T15:45:20.812+05:30  WARN 21048 --- [Employee-Management-System] [http-nio-8080-exec-2] c.E.C.E.ExceptionControllerAdvice        : Bad credentials: Bad credentials
2026-04-29T15:45:22.601+05:30  INFO 21048 --- [Employee-Management-System] [http-nio-8080-exec-1] c.E.Controller.UserController            : REST request to login user: azamf@gmail
2026-04-29T15:45:22.663+05:30  WARN 21048 --- [Employee-Management-System] [http-nio-8080-exec-1] c.E.C.E.ExceptionControllerAdvice        : Bad credentials: Bad credentials
2026-04-29T15:45:42.372+05:30  INFO 21048 --- [Employee-Management-System] [http-nio-8080-exec-4] c.E.Controller.UserController            : REST request to login user: suhail@gmail.com
2026-04-29T15:45:42.454+05:30  INFO 21048 --- [Employee-Management-System] [http-nio-8080-exec-4] c.E.Controller.UserController            : User suhail@gmail.com successfully logged in
2026-04-29T15:45:43.101+05:30  INFO 21048 --- [Employee-Management-System] [http-nio-8080-exec-8] c.E.Controller.PaginationController      : REST request to find employees by page: page=0, size=7, sort=[id, ASC]
2026-04-29T15:45:43.259+05:30  INFO 21048 --- [Employee-Management-System] [http-nio-8080-exec-8] c.E.Controller.PaginationController      : Successfully retrieved page 0 of employees
2026-04-29T15:45:43.270+05:30  WARN 21048 --- [Employee-Management-System] [http-nio-8080-exec-8] ration$PageModule$WarningLoggingModifier : Serializing PageImpl instances as-is is not supported, meaning that there is no guarantee about the stability of the resulting JSON structure!
	For a stable JSON structure, please use Spring Data's PagedModel (globally via @EnableSpringDataWebSupport(pageSerializationMode = VIA_DTO))
	or Spring HATEOAS and Spring Data's PagedResourcesAssembler as documented in https://docs.spring.io/spring-data/commons/reference/repositories/core-extensions.html#core.web.pageables.

2026-04-29T15:45:54.516+05:30  INFO 21048 --- [Employee-Management-System] [http-nio-8080-exec-8] c.E.Controller.FilterEmployeeController  : REST request to find employee by ID: 22
2026-04-29T15:45:54.516+05:30 DEBUG 21048 --- [Employee-Management-System] [http-nio-8080-exec-8] c.E.S.SeviceImpl.EmployeeServiceImpl     : Fetching employee with ID: 22
2026-04-29T15:45:54.516+05:30 DEBUG 21048 --- [Employee-Management-System] [http-nio-8080-exec-8] c.E.S.SeviceImpl.EmployeeServiceImpl     : Admin user suhail@gmail.com fetching employee ID 22
2026-04-29T15:45:54.564+05:30  WARN 21048 --- [Employee-Management-System] [http-nio-8080-exec-8] c.E.S.SeviceImpl.EmployeeServiceImpl     : Employee ID 22 not found for admin suhail@gmail.com
2026-04-29T15:45:54.567+05:30  WARN 21048 --- [Employee-Management-System] [http-nio-8080-exec-8] c.E.C.E.ExceptionControllerAdvice        : Application constraint violated: You are not authorized to view employee 22
2026-04-29T15:46:02.065+05:30  INFO 21048 --- [Employee-Management-System] [http-nio-8080-exec-9] c.E.Controller.FilterEmployeeController  : REST request to find employee by ID: 6
2026-04-29T15:46:02.065+05:30 DEBUG 21048 --- [Employee-Management-System] [http-nio-8080-exec-9] c.E.S.SeviceImpl.EmployeeServiceImpl     : Fetching employee with ID: 6
2026-04-29T15:46:02.065+05:30 DEBUG 21048 --- [Employee-Management-System] [http-nio-8080-exec-9] c.E.S.SeviceImpl.EmployeeServiceImpl     : Admin user suhail@gmail.com fetching employee ID 6
2026-04-29T15:46:02.079+05:30  INFO 21048 --- [Employee-Management-System] [http-nio-8080-exec-9] c.E.Controller.FilterEmployeeController  : Successfully found employee by ID: 6
2026-04-29T15:46:13.100+05:30  INFO 21048 --- [Employee-Management-System] [http-nio-8080-exec-9] c.E.Controller.PaginationController      : REST request to find employees by page: page=0, size=7, sort=[id, ASC]
2026-04-29T15:46:13.104+05:30  INFO 21048 --- [Employee-Management-System] [http-nio-8080-exec-9] c.E.Controller.PaginationController      : Successfully retrieved page 0 of employees
2026-04-29T15:46:30.326+05:30  INFO 21048 --- [Employee-Management-System] [http-nio-8080-exec-9] c.E.Controller.PaginationController      : REST request to find employees by page: page=0, size=7, sort=[id, ASC]
2026-04-29T15:46:30.326+05:30  INFO 21048 --- [Employee-Management-System] [http-nio-8080-exec-9] c.E.Controller.PaginationController      : Successfully retrieved page 0 of employees
2026-04-29T15:46:41.061+05:30  INFO 21048 --- [Employee-Management-System] [http-nio-8080-exec-9] c.E.Controller.FilterEmployeeController  : REST request to find employee by ID: 6
2026-04-29T15:46:41.061+05:30  INFO 21048 --- [Employee-Management-System] [http-nio-8080-exec-9] c.E.Controller.FilterEmployeeController  : Successfully found employee by ID: 6
2026-04-29T15:46:56.924+05:30  INFO 21048 --- [Employee-Management-System] [http-nio-8080-exec-9] c.E.Controller.PaginationController      : REST request to find employees by page: page=0, size=7, sort=[id, ASC]
2026-04-29T15:46:56.924+05:30  INFO 21048 --- [Employee-Management-System] [http-nio-8080-exec-9] c.E.Controller.PaginationController      : Successfully retrieved page 0 of employees
2026-04-29T15:47:24.804+05:30  INFO 21048 --- [Employee-Management-System] [http-nio-8080-exec-1] c.E.Controller.PaginationController      : REST request to find employees by page: page=0, size=7, sort=[firstName, ASC]
2026-04-29T15:47:24.821+05:30  INFO 21048 --- [Employee-Management-System] [http-nio-8080-exec-1] c.E.Controller.PaginationController      : Successfully retrieved page 0 of employees
2026-04-29T15:48:04.204+05:30  INFO 21048 --- [Employee-Management-System] [http-nio-8080-exec-7] c.E.Controller.PaginationController      : REST request to find employees by page: page=0, size=7, sort=[id, ASC]
2026-04-29T15:48:04.205+05:30  INFO 21048 --- [Employee-Management-System] [http-nio-8080-exec-7] c.E.Controller.PaginationController      : Successfully retrieved page 0 of employees
2026-04-29T15:48:26.701+05:30  INFO 21048 --- [Employee-Management-System] [http-nio-8080-exec-8] c.E.C.SalaryCalculationController        : REST request to calculate dynamic salary for employee ID: 14
2026-04-29T15:48:26.722+05:30  WARN 21048 --- [Employee-Management-System] [http-nio-8080-exec-8] c.E.C.E.ExceptionControllerAdvice        : Employee not found: Employee not found with id: 14
2026-04-29T15:48:36.264+05:30  INFO 21048 --- [Employee-Management-System] [SpringApplicationShutdownHook] j.LocalContainerEntityManagerFactoryBean : Closing JPA EntityManagerFactory for persistence unit 'default'
2026-04-29T15:48:36.274+05:30  INFO 21048 --- [Employee-Management-System] [SpringApplicationShutdownHook] com.zaxxer.hikari.HikariDataSource       : HikariPool-1 - Shutdown initiated...
2026-04-29T15:48:36.296+05:30  INFO 21048 --- [Employee-Management-System] [SpringApplicationShutdownHook] com.zaxxer.hikari.HikariDataSource       : HikariPool-1 - Shutdown completed.
